2018-12-17 19:15:50.676 [info] <0.42.0> Application lager started on node nonode@nohost
2018-12-17 19:15:50.678 [info] <0.42.0> Application xmerl started on node nonode@nohost
2018-12-17 19:15:50.679 [info] <0.42.0> Application jsx started on node nonode@nohost
2018-12-17 19:15:50.682 [info] <0.42.0> Application ranch started on node nonode@nohost
2018-12-17 19:15:50.683 [info] <0.42.0> Application ranch_proxy_protocol started on node nonode@nohost
2018-12-17 19:15:50.683 [info] <0.42.0> Application recon started on node nonode@nohost
2018-12-17 19:15:50.683 [info] <0.42.0> Application rabbit_common started on node nonode@nohost
2018-12-17 19:15:50.687 [info] <0.42.0> Application amqp_client started on node nonode@nohost
2018-12-17 19:15:50.687 [info] <0.42.0> Application amqp started on node nonode@nohost
2018-12-17 19:15:50.688 [info] <0.42.0> Application logs started on node nonode@nohost
2018-12-17 19:16:13.358 [info] <0.42.0> Application lager started on node nonode@nohost
2018-12-17 19:16:13.362 [info] <0.42.0> Application xmerl started on node nonode@nohost
2018-12-17 19:16:13.363 [info] <0.42.0> Application jsx started on node nonode@nohost
2018-12-17 19:16:13.366 [info] <0.42.0> Application ranch started on node nonode@nohost
2018-12-17 19:16:13.367 [info] <0.42.0> Application ranch_proxy_protocol started on node nonode@nohost
2018-12-17 19:16:13.368 [info] <0.42.0> Application recon started on node nonode@nohost
2018-12-17 19:16:13.368 [info] <0.42.0> Application rabbit_common started on node nonode@nohost
2018-12-17 19:16:13.374 [info] <0.42.0> Application amqp_client started on node nonode@nohost
2018-12-17 19:16:13.374 [info] <0.42.0> Application amqp started on node nonode@nohost
2018-12-17 19:16:13.496 [error] <0.226.0> Supervisor 'Elixir.Logs.Supervisor' had child 'Elixir.Logs.Subscriber' started with 'Elixir.Logs.Subscriber':start_link([]) at undefined exit with reason {badkey,connection} in 'Elixir.Logs.Subscriber':init_connection/1 line 27 in context start_error
2018-12-17 19:16:13.496 [error] <0.224.0> CRASH REPORT Process <0.224.0> with 0 neighbours exited with reason: {{shutdown,{failed_to_start_child,'Elixir.Logs.Subscriber',{{badkey,connection},[{'Elixir.Logs.Subscriber',init_connection,1,[{file,"lib/logs/subscriber.ex"},{line,27}]},{'Elixir.Logs.Subscriber',init,1,[{file,"lib/logs/subscriber.ex"},{line,14}]},{gen_server,init_it,2,[{file,"gen_server.erl"},{line,374}]},{gen_server,init_it,6,[{file,"gen_server.erl"},{line,342}]},{proc_lib,init_p_do_apply,3,[{file,"proc_lib.erl"},{line,249}]}]}}},{'Elixir.Logs.Application',start,[normal,[]]}} in application_master:init/4 line 138
2018-12-17 19:17:06.713 [info] <0.42.0> Application lager started on node nonode@nohost
2018-12-17 19:17:06.717 [info] <0.42.0> Application xmerl started on node nonode@nohost
2018-12-17 19:17:06.718 [info] <0.42.0> Application jsx started on node nonode@nohost
2018-12-17 19:17:06.721 [info] <0.42.0> Application ranch started on node nonode@nohost
2018-12-17 19:17:06.721 [info] <0.42.0> Application ranch_proxy_protocol started on node nonode@nohost
2018-12-17 19:17:06.722 [info] <0.42.0> Application recon started on node nonode@nohost
2018-12-17 19:17:06.722 [info] <0.42.0> Application rabbit_common started on node nonode@nohost
2018-12-17 19:17:06.727 [info] <0.42.0> Application amqp_client started on node nonode@nohost
2018-12-17 19:17:06.727 [info] <0.42.0> Application amqp started on node nonode@nohost
2018-12-17 19:17:06.850 [error] <0.226.0> Supervisor 'Elixir.Logs.Supervisor' had child 'Elixir.Logs.Subscriber' started with 'Elixir.Logs.Subscriber':start_link([]) at undefined exit with reason {badkey,connection} in 'Elixir.Logs.Subscriber':init_connection/1 line 27 in context start_error
2018-12-17 19:17:06.850 [error] <0.224.0> CRASH REPORT Process <0.224.0> with 0 neighbours exited with reason: {{shutdown,{failed_to_start_child,'Elixir.Logs.Subscriber',{{badkey,connection},[{'Elixir.Logs.Subscriber',init_connection,1,[{file,"lib/logs/subscriber.ex"},{line,27}]},{'Elixir.Logs.Subscriber',init,1,[{file,"lib/logs/subscriber.ex"},{line,14}]},{gen_server,init_it,2,[{file,"gen_server.erl"},{line,374}]},{gen_server,init_it,6,[{file,"gen_server.erl"},{line,342}]},{proc_lib,init_p_do_apply,3,[{file,"proc_lib.erl"},{line,249}]}]}}},{'Elixir.Logs.Application',start,[normal,[]]}} in application_master:init/4 line 138
2018-12-17 19:19:32.044 [info] <0.42.0> Application lager started on node nonode@nohost
2018-12-17 19:19:32.048 [info] <0.42.0> Application xmerl started on node nonode@nohost
2018-12-17 19:19:32.049 [info] <0.42.0> Application jsx started on node nonode@nohost
2018-12-17 19:19:32.052 [info] <0.42.0> Application ranch started on node nonode@nohost
2018-12-17 19:19:32.052 [info] <0.42.0> Application ranch_proxy_protocol started on node nonode@nohost
2018-12-17 19:19:32.053 [info] <0.42.0> Application recon started on node nonode@nohost
2018-12-17 19:19:32.053 [info] <0.42.0> Application rabbit_common started on node nonode@nohost
2018-12-17 19:19:32.058 [info] <0.42.0> Application amqp_client started on node nonode@nohost
2018-12-17 19:19:32.058 [info] <0.42.0> Application amqp started on node nonode@nohost
2018-12-17 19:19:32.065 [info] <0.42.0> Application logs started on node nonode@nohost
2018-12-17 19:19:38.571 [info] <0.42.0> Application lager started on node nonode@nohost
2018-12-17 19:19:38.574 [info] <0.42.0> Application xmerl started on node nonode@nohost
2018-12-17 19:19:38.575 [info] <0.42.0> Application jsx started on node nonode@nohost
2018-12-17 19:19:38.578 [info] <0.42.0> Application ranch started on node nonode@nohost
2018-12-17 19:19:38.579 [info] <0.42.0> Application ranch_proxy_protocol started on node nonode@nohost
2018-12-17 19:19:38.579 [info] <0.42.0> Application recon started on node nonode@nohost
2018-12-17 19:19:38.580 [info] <0.42.0> Application rabbit_common started on node nonode@nohost
2018-12-17 19:19:38.585 [info] <0.42.0> Application amqp_client started on node nonode@nohost
2018-12-17 19:19:38.586 [info] <0.42.0> Application amqp started on node nonode@nohost
2018-12-17 19:19:38.714 [error] <0.227.0> CRASH REPORT Process <0.227.0> with 0 neighbours crashed with reason: {badkey,connection} in 'Elixir.Logs.Subscriber':init_connection/1 line 27
2018-12-17 19:19:38.714 [error] <0.226.0> Supervisor 'Elixir.Logs.Supervisor' had child 'Elixir.Logs.Subscriber' started with 'Elixir.Logs.Subscriber':start_link([]) at undefined exit with reason {badkey,connection} in 'Elixir.Logs.Subscriber':init_connection/1 line 27 in context start_error
2018-12-17 19:19:38.715 [error] <0.224.0> CRASH REPORT Process <0.224.0> with 0 neighbours exited with reason: {{shutdown,{failed_to_start_child,'Elixir.Logs.Subscriber',{{badkey,connection},[{'Elixir.Logs.Subscriber',init_connection,1,[{file,"lib/logs/subscriber.ex"},{line,27}]},{'Elixir.Logs.Subscriber',init,1,[{file,"lib/logs/subscriber.ex"},{line,14}]},{gen_server,init_it,2,[{file,"gen_server.erl"},{line,374}]},{gen_server,init_it,6,[{file,"gen_server.erl"},{line,342}]},{proc_lib,init_p_do_apply,3,[{file,"proc_lib.erl"},{line,249}]}]}}},{'Elixir.Logs.Application',start,[normal,[]]}} in application_master:init/4 line 138
2018-12-17 19:19:48.160 [info] <0.42.0> Application lager started on node nonode@nohost
2018-12-17 19:19:48.163 [info] <0.42.0> Application xmerl started on node nonode@nohost
2018-12-17 19:19:48.164 [info] <0.42.0> Application jsx started on node nonode@nohost
2018-12-17 19:19:48.166 [info] <0.42.0> Application ranch started on node nonode@nohost
2018-12-17 19:19:48.167 [info] <0.42.0> Application ranch_proxy_protocol started on node nonode@nohost
2018-12-17 19:19:48.167 [info] <0.42.0> Application recon started on node nonode@nohost
2018-12-17 19:19:48.168 [info] <0.42.0> Application rabbit_common started on node nonode@nohost
2018-12-17 19:19:48.172 [info] <0.42.0> Application amqp_client started on node nonode@nohost
2018-12-17 19:19:48.172 [info] <0.42.0> Application amqp started on node nonode@nohost
2018-12-17 19:19:48.300 [info] <0.42.0> Application logs started on node nonode@nohost
2018-12-17 19:21:19.159 [info] <0.42.0> Application lager started on node nonode@nohost
2018-12-17 19:21:19.163 [info] <0.42.0> Application xmerl started on node nonode@nohost
2018-12-17 19:21:19.164 [info] <0.42.0> Application jsx started on node nonode@nohost
2018-12-17 19:21:19.167 [info] <0.42.0> Application ranch started on node nonode@nohost
2018-12-17 19:21:19.167 [info] <0.42.0> Application ranch_proxy_protocol started on node nonode@nohost
2018-12-17 19:21:19.168 [info] <0.42.0> Application recon started on node nonode@nohost
2018-12-17 19:21:19.168 [info] <0.42.0> Application rabbit_common started on node nonode@nohost
2018-12-17 19:21:19.173 [info] <0.42.0> Application amqp_client started on node nonode@nohost
2018-12-17 19:21:19.173 [info] <0.42.0> Application amqp started on node nonode@nohost
2018-12-17 19:21:19.328 [error] <0.227.0>@Elixir.AMQP.Channel:open:15 CRASH REPORT Process <0.227.0> with 0 neighbours crashed with reason: no function clause matching 'Elixir.AMQP.Channel':open(<<"connection">>) line 15
2018-12-17 19:21:19.328 [error] <0.226.0>@Elixir.AMQP.Channel:open:15 Supervisor 'Elixir.Logs.Supervisor' had child 'Elixir.Logs.Subscriber' started with 'Elixir.Logs.Subscriber':start_link([]) at undefined exit with reason no function clause matching 'Elixir.AMQP.Channel':open(<<"connection">>) line 15 in context start_error
2018-12-17 19:21:19.329 [error] <0.224.0> CRASH REPORT Process <0.224.0> with 0 neighbours exited with reason: {{shutdown,{failed_to_start_child,'Elixir.Logs.Subscriber',{function_clause,[{'Elixir.AMQP.Channel',open,[<<"connection">>],[{file,"lib/amqp/channel.ex"},{line,15}]},{'Elixir.Logs.Subscriber',init_channel,1,[{file,"lib/logs/subscriber.ex"},{line,31}]},{'Elixir.Logs.Subscriber',init,1,[{file,"lib/logs/subscriber.ex"},{line,15}]},{gen_server,init_it,2,[{file,"gen_server.erl"},{line,374}]},{gen_server,init_it,6,[{file,"gen_server.erl"},{line,342}]},{proc_lib,init_p_do_apply,3,[{file,"proc_lib..."},...]}]}}},...} in application_master:init/4 line 138
2018-12-17 19:22:14.847 [info] <0.42.0> Application lager started on node nonode@nohost
2018-12-17 19:22:14.850 [info] <0.42.0> Application xmerl started on node nonode@nohost
2018-12-17 19:22:14.851 [info] <0.42.0> Application jsx started on node nonode@nohost
2018-12-17 19:22:14.854 [info] <0.42.0> Application ranch started on node nonode@nohost
2018-12-17 19:22:14.855 [info] <0.42.0> Application ranch_proxy_protocol started on node nonode@nohost
2018-12-17 19:22:14.855 [info] <0.42.0> Application recon started on node nonode@nohost
2018-12-17 19:22:14.855 [info] <0.42.0> Application rabbit_common started on node nonode@nohost
2018-12-17 19:22:14.860 [info] <0.42.0> Application amqp_client started on node nonode@nohost
2018-12-17 19:22:14.861 [info] <0.42.0> Application amqp started on node nonode@nohost
2018-12-17 19:22:14.994 [error] <0.226.0> Supervisor 'Elixir.Logs.Supervisor' had child 'Elixir.Logs.Subscriber' started with 'Elixir.Logs.Subscriber':start_link([]) at undefined exit with reason {{shutdown,{server_initiated_close,406,<<"PRECONDITION_FAILED - inequivalent arg 'durable' for exchange 'rabbits' in vhost '/': received 'false' but current is 'true'">>}},{gen_server,call,[<0.241.0>,{call,{'exchange.declare',0,<<"rabbits">>,<<"topic">>,false,false,false,false,false,[]},none,<0.227.0>},60000]}} in context start_error
2018-12-17 19:22:14.994 [error] <0.227.0> CRASH REPORT Process <0.227.0> with 0 neighbours exited with reason: {{shutdown,{server_initiated_close,406,<<"PRECONDITION_FAILED - inequivalent arg 'durable' for exchange 'rabbits' in vhost '/': received 'false' but current is 'true'">>}},{gen_server,call,[<0.241.0>,{call,{'exchange.declare',0,<<"rabbits">>,<<"topic">>,false,false,false,false,false,[]},none,<0.227.0>},60000]}} in gen_server:call/3 line 223
2018-12-17 19:23:39.784 [info] <0.42.0> Application lager started on node nonode@nohost
2018-12-17 19:23:39.787 [info] <0.42.0> Application xmerl started on node nonode@nohost
2018-12-17 19:23:39.790 [info] <0.42.0> Application jsx started on node nonode@nohost
2018-12-17 19:23:39.792 [info] <0.42.0> Application ranch started on node nonode@nohost
2018-12-17 19:23:39.793 [info] <0.42.0> Application ranch_proxy_protocol started on node nonode@nohost
2018-12-17 19:23:39.793 [info] <0.42.0> Application recon started on node nonode@nohost
2018-12-17 19:23:39.794 [info] <0.42.0> Application rabbit_common started on node nonode@nohost
2018-12-17 19:23:39.799 [info] <0.42.0> Application amqp_client started on node nonode@nohost
2018-12-17 19:23:39.799 [info] <0.42.0> Application amqp started on node nonode@nohost
2018-12-17 19:23:40.081 [error] <0.218.0> CRASH REPORT Process <0.218.0> with 0 neighbours exited with reason: {{shutdown,{server_initiated_close,406,<<"PRECONDITION_FAILED - inequivalent arg 'durable' for exchange 'rabbits' in vhost '/': received 'false' but current is 'true'">>}},{gen_server,call,[<0.232.0>,{call,{'exchange.declare',0,<<"rabbits">>,<<"topic">>,false,false,false,false,false,[]},none,<0.218.0>},60000]}} in gen_server:call/3 line 223
2018-12-17 19:23:40.081 [error] <0.217.0> Supervisor 'Elixir.Logs.Supervisor' had child 'Elixir.Logs.Subscriber' started with 'Elixir.Logs.Subscriber':start_link([]) at undefined exit with reason {{shutdown,{server_initiated_close,406,<<"PRECONDITION_FAILED - inequivalent arg 'durable' for exchange 'rabbits' in vhost '/': received 'false' but current is 'true'">>}},{gen_server,call,[<0.232.0>,{call,{'exchange.declare',0,<<"rabbits">>,<<"topic">>,false,false,false,false,false,[]},none,<0.218.0>},60000]}} in context start_error
2018-12-17 19:24:51.425 [info] <0.42.0> Application lager started on node nonode@nohost
2018-12-17 19:24:51.429 [info] <0.42.0> Application xmerl started on node nonode@nohost
2018-12-17 19:24:51.430 [info] <0.42.0> Application jsx started on node nonode@nohost
2018-12-17 19:24:51.432 [info] <0.42.0> Application ranch started on node nonode@nohost
2018-12-17 19:24:51.433 [info] <0.42.0> Application ranch_proxy_protocol started on node nonode@nohost
2018-12-17 19:24:51.433 [info] <0.42.0> Application recon started on node nonode@nohost
2018-12-17 19:24:51.433 [info] <0.42.0> Application rabbit_common started on node nonode@nohost
2018-12-17 19:24:51.439 [info] <0.42.0> Application amqp_client started on node nonode@nohost
2018-12-17 19:24:51.439 [info] <0.42.0> Application amqp started on node nonode@nohost
2018-12-17 19:24:51.569 [error] <0.218.0> CRASH REPORT Process <0.218.0> with 0 neighbours exited with reason: {{shutdown,{server_initiated_close,406,<<"PRECONDITION_FAILED - inequivalent arg 'durable' for exchange 'rabbits' in vhost '/': received 'false' but current is 'true'">>}},{gen_server,call,[<0.232.0>,{call,{'exchange.declare',0,<<"rabbits">>,<<"topic">>,false,false,false,false,false,[]},none,<0.218.0>},60000]}} in gen_server:call/3 line 223
2018-12-17 19:24:51.569 [error] <0.217.0> Supervisor 'Elixir.Logs.Supervisor' had child 'Elixir.Logs.Subscriber' started with 'Elixir.Logs.Subscriber':start_link([]) at undefined exit with reason {{shutdown,{server_initiated_close,406,<<"PRECONDITION_FAILED - inequivalent arg 'durable' for exchange 'rabbits' in vhost '/': received 'false' but current is 'true'">>}},{gen_server,call,[<0.232.0>,{call,{'exchange.declare',0,<<"rabbits">>,<<"topic">>,false,false,false,false,false,[]},none,<0.218.0>},60000]}} in context start_error
2018-12-17 19:24:51.570 [error] <0.215.0> CRASH REPORT Process <0.215.0> with 0 neighbours exited with reason: {{shutdown,{failed_to_start_child,'Elixir.Logs.Subscriber',{{shutdown,{server_initiated_close,406,<<"PRECONDITION_FAILED - inequivalent arg 'durable' for exchange 'rabbits' in vhost '/': received 'false' but current is 'true'">>}},{gen_server,call,[<0.232.0>,{call,{'exchange.declare',0,<<"rabbits">>,<<"topic">>,false,false,false,false,false,[]},none,<0.218.0>},60000]}}}},{'Elixir.Logs.Application',start,[normal,[]]}} in application_master:init/4 line 138
2018-12-17 19:25:26.075 [info] <0.42.0> Application lager started on node nonode@nohost
2018-12-17 19:25:26.079 [info] <0.42.0> Application xmerl started on node nonode@nohost
2018-12-17 19:25:26.080 [info] <0.42.0> Application jsx started on node nonode@nohost
2018-12-17 19:25:26.082 [info] <0.42.0> Application ranch started on node nonode@nohost
2018-12-17 19:25:26.083 [info] <0.42.0> Application ranch_proxy_protocol started on node nonode@nohost
2018-12-17 19:25:26.083 [info] <0.42.0> Application recon started on node nonode@nohost
2018-12-17 19:25:26.083 [info] <0.42.0> Application rabbit_common started on node nonode@nohost
2018-12-17 19:25:26.088 [info] <0.42.0> Application amqp_client started on node nonode@nohost
2018-12-17 19:25:26.088 [info] <0.42.0> Application amqp started on node nonode@nohost
2018-12-17 19:25:26.272 [info] <0.42.0> Application logs started on node nonode@nohost
2018-12-17 19:25:56.803 [info] <0.42.0> Application lager started on node nonode@nohost
2018-12-17 19:25:56.806 [info] <0.42.0> Application xmerl started on node nonode@nohost
2018-12-17 19:25:56.807 [info] <0.42.0> Application jsx started on node nonode@nohost
2018-12-17 19:25:56.810 [info] <0.42.0> Application ranch started on node nonode@nohost
2018-12-17 19:25:56.810 [info] <0.42.0> Application ranch_proxy_protocol started on node nonode@nohost
2018-12-17 19:25:56.811 [info] <0.42.0> Application recon started on node nonode@nohost
2018-12-17 19:25:56.811 [info] <0.42.0> Application rabbit_common started on node nonode@nohost
2018-12-17 19:25:56.816 [info] <0.42.0> Application amqp_client started on node nonode@nohost
2018-12-17 19:25:56.816 [info] <0.42.0> Application amqp started on node nonode@nohost
2018-12-17 19:25:56.977 [info] <0.42.0> Application logs started on node nonode@nohost
2018-12-17 19:27:27.733 [info] <0.42.0> Application lager started on node nonode@nohost
2018-12-17 19:27:27.736 [info] <0.42.0> Application xmerl started on node nonode@nohost
2018-12-17 19:27:27.738 [info] <0.42.0> Application jsx started on node nonode@nohost
2018-12-17 19:27:27.740 [info] <0.42.0> Application ranch started on node nonode@nohost
2018-12-17 19:27:27.741 [info] <0.42.0> Application ranch_proxy_protocol started on node nonode@nohost
2018-12-17 19:27:27.741 [info] <0.42.0> Application recon started on node nonode@nohost
2018-12-17 19:27:27.741 [info] <0.42.0> Application rabbit_common started on node nonode@nohost
2018-12-17 19:27:27.746 [info] <0.42.0> Application amqp_client started on node nonode@nohost
2018-12-17 19:27:27.746 [info] <0.42.0> Application amqp started on node nonode@nohost
2018-12-17 19:27:27.906 [error] <0.227.0> 'Elixir.Logs.Subscriber' 'Elixir.Logs.Subscriber' received unexpected message in handle_info/2: {basic_consume_ok,#{consumer_tag => <<"amq.ctag-zEQ5FVvYAk4ybgaxth2HpA">>}}
2018-12-17 19:27:27.906 [info] <0.42.0> Application logs started on node nonode@nohost
2018-12-17 19:29:42.093 [info] <0.42.0> Application lager started on node nonode@nohost
2018-12-17 19:29:42.098 [info] <0.42.0> Application xmerl started on node nonode@nohost
2018-12-17 19:29:42.099 [info] <0.42.0> Application jsx started on node nonode@nohost
2018-12-17 19:29:42.102 [info] <0.42.0> Application ranch started on node nonode@nohost
2018-12-17 19:29:42.102 [info] <0.42.0> Application ranch_proxy_protocol started on node nonode@nohost
2018-12-17 19:29:42.103 [info] <0.42.0> Application recon started on node nonode@nohost
2018-12-17 19:29:42.103 [info] <0.42.0> Application rabbit_common started on node nonode@nohost
2018-12-17 19:29:42.111 [info] <0.42.0> Application amqp_client started on node nonode@nohost
2018-12-17 19:29:42.111 [info] <0.42.0> Application amqp started on node nonode@nohost
2018-12-17 19:29:42.334 [info] <0.42.0> Application logs started on node nonode@nohost
2018-12-17 19:29:54.020 [error] <0.227.0>@Elixir.Logs.Subscriber:handle_info:46 gen_server 'Elixir.Logs.Subscriber' terminated with reason: no function clause matching 'Elixir.Logs.Subscriber':handle_info({basic_deliver,<<"{\"id\":2,\"commodity\":\"Pen\",\"quantity\":\"10\",\"location\":\"Office\",\"delivery_id\":null...">>,...}, #{channel => #{'__struct__' => 'Elixir.AMQP.Channel',conn => #{'__struct__' => 'Elixir.AMQP.Connection',...},...},...}) line 46
2018-12-17 19:29:54.028 [error] <0.227.0>@Elixir.Logs.Subscriber:handle_info:46 CRASH REPORT Process 'Elixir.Logs.Subscriber' with 0 neighbours crashed with reason: no function clause matching 'Elixir.Logs.Subscriber':handle_info({basic_deliver,<<"{\"id\":2,\"commodity\":\"Pen\",\"quantity\":\"10\",\"location\":\"Office\",\"delivery_id\":null...">>,...}, #{channel => #{'__struct__' => 'Elixir.AMQP.Channel',conn => #{'__struct__' => 'Elixir.AMQP.Connection',...},...},...}) line 46
2018-12-17 19:29:54.028 [error] <0.226.0>@Elixir.Logs.Subscriber:handle_info:46 Supervisor 'Elixir.Logs.Supervisor' had child 'Elixir.Logs.Subscriber' started with 'Elixir.Logs.Subscriber':start_link([]) at <0.227.0> exit with reason no function clause matching 'Elixir.Logs.Subscriber':handle_info({basic_deliver,<<"{\"id\":2,\"commodity\":\"Pen\",\"quantity\":\"10\",\"location\":\"Office\",\"delivery_id\":null...">>,...}, #{channel => #{'__struct__' => 'Elixir.AMQP.Channel',conn => #{'__struct__' => 'Elixir.AMQP.Connection',...},...},...}) line 46 in context child_terminated
2018-12-17 19:29:59.052 [error] <0.244.0>@Elixir.Logs.Subscriber:handle_info:46 gen_server 'Elixir.Logs.Subscriber' terminated with reason: no function clause matching 'Elixir.Logs.Subscriber':handle_info({basic_deliver,<<"[2]">>,#{app_id => undefined,cluster_id => undefined,consumer_tag => <<"amq.cta...">>,...}}, #{channel => #{'__struct__' => 'Elixir.AMQP.Channel',conn => #{'__struct__' => 'Elixir.AMQP.Connection',...},...},...}) line 46
2018-12-17 19:29:59.054 [error] <0.244.0>@Elixir.Logs.Subscriber:handle_info:46 CRASH REPORT Process 'Elixir.Logs.Subscriber' with 0 neighbours crashed with reason: no function clause matching 'Elixir.Logs.Subscriber':handle_info({basic_deliver,<<"[2]">>,#{app_id => undefined,cluster_id => undefined,consumer_tag => <<"amq.cta...">>,...}}, #{channel => #{'__struct__' => 'Elixir.AMQP.Channel',conn => #{'__struct__' => 'Elixir.AMQP.Connection',...},...},...}) line 46
2018-12-17 19:29:59.054 [error] <0.226.0>@Elixir.Logs.Subscriber:handle_info:46 Supervisor 'Elixir.Logs.Supervisor' had child 'Elixir.Logs.Subscriber' started with 'Elixir.Logs.Subscriber':start_link([]) at <0.244.0> exit with reason no function clause matching 'Elixir.Logs.Subscriber':handle_info({basic_deliver,<<"[2]">>,#{app_id => undefined,cluster_id => undefined,consumer_tag => <<"amq.cta...">>,...}}, #{channel => #{'__struct__' => 'Elixir.AMQP.Channel',conn => #{'__struct__' => 'Elixir.AMQP.Connection',...},...},...}) line 46 in context child_terminated
2018-12-17 19:30:00.001 [warning] <0.199.0> lager_error_logger_h dropped 9 messages in the last second that exceeded the limit of 50 messages/sec
2018-12-17 19:32:36.782 [info] <0.42.0> Application lager started on node nonode@nohost
2018-12-17 19:32:36.785 [info] <0.42.0> Application xmerl started on node nonode@nohost
2018-12-17 19:32:36.786 [info] <0.42.0> Application jsx started on node nonode@nohost
2018-12-17 19:32:36.789 [info] <0.42.0> Application ranch started on node nonode@nohost
2018-12-17 19:32:36.790 [info] <0.42.0> Application ranch_proxy_protocol started on node nonode@nohost
2018-12-17 19:32:36.790 [info] <0.42.0> Application recon started on node nonode@nohost
2018-12-17 19:32:36.790 [info] <0.42.0> Application rabbit_common started on node nonode@nohost
2018-12-17 19:32:36.795 [info] <0.42.0> Application amqp_client started on node nonode@nohost
2018-12-17 19:32:36.795 [info] <0.42.0> Application amqp started on node nonode@nohost
2018-12-17 19:32:37.026 [info] <0.42.0> Application logs started on node nonode@nohost
2018-12-17 19:32:50.388 [info] <0.42.0> Application lager started on node nonode@nohost
2018-12-17 19:32:50.393 [info] <0.42.0> Application xmerl started on node nonode@nohost
2018-12-17 19:32:50.394 [info] <0.42.0> Application jsx started on node nonode@nohost
2018-12-17 19:32:50.399 [info] <0.42.0> Application ranch started on node nonode@nohost
2018-12-17 19:32:50.400 [info] <0.42.0> Application ranch_proxy_protocol started on node nonode@nohost
2018-12-17 19:32:50.400 [info] <0.42.0> Application recon started on node nonode@nohost
2018-12-17 19:32:50.400 [info] <0.42.0> Application rabbit_common started on node nonode@nohost
2018-12-17 19:32:50.406 [info] <0.42.0> Application amqp_client started on node nonode@nohost
2018-12-17 19:32:50.406 [info] <0.42.0> Application amqp started on node nonode@nohost
2018-12-17 19:32:50.589 [info] <0.42.0> Application logs started on node nonode@nohost
2018-12-17 19:33:33.079 [info] <0.42.0> Application lager started on node nonode@nohost
2018-12-17 19:33:33.083 [info] <0.42.0> Application xmerl started on node nonode@nohost
2018-12-17 19:33:33.084 [info] <0.42.0> Application jsx started on node nonode@nohost
2018-12-17 19:33:33.087 [info] <0.42.0> Application ranch started on node nonode@nohost
2018-12-17 19:33:33.088 [info] <0.42.0> Application ranch_proxy_protocol started on node nonode@nohost
2018-12-17 19:33:33.089 [info] <0.42.0> Application recon started on node nonode@nohost
2018-12-17 19:33:33.089 [info] <0.42.0> Application rabbit_common started on node nonode@nohost
2018-12-17 19:33:33.094 [info] <0.42.0> Application amqp_client started on node nonode@nohost
2018-12-17 19:33:33.094 [info] <0.42.0> Application amqp started on node nonode@nohost
2018-12-17 19:33:33.434 [info] <0.42.0> Application logs started on node nonode@nohost
2018-12-17 19:34:35.482 [info] <0.42.0> Application lager started on node nonode@nohost
2018-12-17 19:34:35.486 [info] <0.42.0> Application xmerl started on node nonode@nohost
2018-12-17 19:34:35.488 [info] <0.42.0> Application jsx started on node nonode@nohost
2018-12-17 19:34:35.491 [info] <0.42.0> Application ranch started on node nonode@nohost
2018-12-17 19:34:35.492 [info] <0.42.0> Application ranch_proxy_protocol started on node nonode@nohost
2018-12-17 19:34:35.493 [info] <0.42.0> Application recon started on node nonode@nohost
2018-12-17 19:34:35.493 [info] <0.42.0> Application rabbit_common started on node nonode@nohost
2018-12-17 19:34:35.499 [info] <0.42.0> Application amqp_client started on node nonode@nohost
2018-12-17 19:34:35.499 [info] <0.42.0> Application amqp started on node nonode@nohost
2018-12-17 19:34:35.683 [info] <0.42.0> Application logs started on node nonode@nohost
2018-12-17 19:37:17.248 [info] <0.42.0> Application lager started on node nonode@nohost
2018-12-17 19:37:17.251 [info] <0.42.0> Application xmerl started on node nonode@nohost
2018-12-17 19:37:17.252 [info] <0.42.0> Application jsx started on node nonode@nohost
2018-12-17 19:37:17.255 [info] <0.42.0> Application ranch started on node nonode@nohost
2018-12-17 19:37:17.256 [info] <0.42.0> Application ranch_proxy_protocol started on node nonode@nohost
2018-12-17 19:37:17.256 [info] <0.42.0> Application recon started on node nonode@nohost
2018-12-17 19:37:17.256 [info] <0.42.0> Application rabbit_common started on node nonode@nohost
2018-12-17 19:37:17.261 [info] <0.42.0> Application amqp_client started on node nonode@nohost
2018-12-17 19:37:17.261 [info] <0.42.0> Application amqp started on node nonode@nohost
2018-12-17 19:37:17.435 [info] <0.42.0> Application logs started on node nonode@nohost
2018-12-17 19:38:33.727 [info] <0.42.0> Application lager started on node nonode@nohost
2018-12-17 19:38:33.730 [info] <0.42.0> Application xmerl started on node nonode@nohost
2018-12-17 19:38:33.731 [info] <0.42.0> Application jsx started on node nonode@nohost
2018-12-17 19:38:33.734 [info] <0.42.0> Application ranch started on node nonode@nohost
2018-12-17 19:38:33.734 [info] <0.42.0> Application ranch_proxy_protocol started on node nonode@nohost
2018-12-17 19:38:33.735 [info] <0.42.0> Application recon started on node nonode@nohost
2018-12-17 19:38:33.735 [info] <0.42.0> Application rabbit_common started on node nonode@nohost
2018-12-17 19:38:33.740 [info] <0.42.0> Application amqp_client started on node nonode@nohost
2018-12-17 19:38:33.740 [info] <0.42.0> Application amqp started on node nonode@nohost
2018-12-17 19:38:33.977 [info] <0.42.0> Application logs started on node nonode@nohost
2018-12-17 19:40:46.391 [info] <0.42.0> Application lager started on node nonode@nohost
2018-12-17 19:40:46.395 [info] <0.42.0> Application xmerl started on node nonode@nohost
2018-12-17 19:40:46.396 [info] <0.42.0> Application jsx started on node nonode@nohost
2018-12-17 19:40:46.399 [info] <0.42.0> Application ranch started on node nonode@nohost
2018-12-17 19:40:46.399 [info] <0.42.0> Application ranch_proxy_protocol started on node nonode@nohost
2018-12-17 19:40:46.400 [info] <0.42.0> Application recon started on node nonode@nohost
2018-12-17 19:40:46.400 [info] <0.42.0> Application rabbit_common started on node nonode@nohost
2018-12-17 19:40:46.405 [info] <0.42.0> Application amqp_client started on node nonode@nohost
2018-12-17 19:40:46.405 [info] <0.42.0> Application amqp started on node nonode@nohost
2018-12-17 19:40:46.564 [info] <0.42.0> Application logs started on node nonode@nohost
2018-12-17 19:41:26.984 [info] <0.42.0> Application lager started on node nonode@nohost
2018-12-17 19:41:26.987 [info] <0.42.0> Application xmerl started on node nonode@nohost
2018-12-17 19:41:26.988 [info] <0.42.0> Application jsx started on node nonode@nohost
2018-12-17 19:41:26.991 [info] <0.42.0> Application ranch started on node nonode@nohost
2018-12-17 19:41:26.992 [info] <0.42.0> Application ranch_proxy_protocol started on node nonode@nohost
2018-12-17 19:41:26.992 [info] <0.42.0> Application recon started on node nonode@nohost
2018-12-17 19:41:26.992 [info] <0.42.0> Application rabbit_common started on node nonode@nohost
2018-12-17 19:41:26.998 [info] <0.42.0> Application amqp_client started on node nonode@nohost
2018-12-17 19:41:26.998 [info] <0.42.0> Application amqp started on node nonode@nohost
2018-12-17 19:41:27.156 [info] <0.42.0> Application logs started on node nonode@nohost
2018-12-17 19:43:29.494 [info] <0.42.0> Application lager started on node nonode@nohost
2018-12-17 19:43:29.498 [info] <0.42.0> Application xmerl started on node nonode@nohost
2018-12-17 19:43:29.500 [info] <0.42.0> Application jsx started on node nonode@nohost
2018-12-17 19:43:29.503 [info] <0.42.0> Application ranch started on node nonode@nohost
2018-12-17 19:43:29.504 [info] <0.42.0> Application ranch_proxy_protocol started on node nonode@nohost
2018-12-17 19:43:29.504 [info] <0.42.0> Application recon started on node nonode@nohost
2018-12-17 19:43:29.504 [info] <0.42.0> Application rabbit_common started on node nonode@nohost
2018-12-17 19:43:29.510 [info] <0.42.0> Application amqp_client started on node nonode@nohost
2018-12-17 19:43:29.511 [info] <0.42.0> Application amqp started on node nonode@nohost
2018-12-17 19:43:29.664 [info] <0.42.0> Application logs started on node nonode@nohost
2018-12-17 19:43:40.343 [info] <0.42.0> Application lager started on node nonode@nohost
2018-12-17 19:43:40.346 [info] <0.42.0> Application xmerl started on node nonode@nohost
2018-12-17 19:43:40.347 [info] <0.42.0> Application jsx started on node nonode@nohost
2018-12-17 19:43:40.349 [info] <0.42.0> Application ranch started on node nonode@nohost
2018-12-17 19:43:40.350 [info] <0.42.0> Application ranch_proxy_protocol started on node nonode@nohost
2018-12-17 19:43:40.350 [info] <0.42.0> Application recon started on node nonode@nohost
2018-12-17 19:43:40.350 [info] <0.42.0> Application rabbit_common started on node nonode@nohost
2018-12-17 19:43:40.355 [info] <0.42.0> Application amqp_client started on node nonode@nohost
2018-12-17 19:43:40.355 [info] <0.42.0> Application amqp started on node nonode@nohost
2018-12-17 19:43:40.522 [info] <0.42.0> Application logs started on node nonode@nohost
2018-12-17 19:44:18.684 [info] <0.42.0> Application lager started on node nonode@nohost
2018-12-17 19:44:18.687 [info] <0.42.0> Application xmerl started on node nonode@nohost
2018-12-17 19:44:18.688 [info] <0.42.0> Application jsx started on node nonode@nohost
2018-12-17 19:44:18.691 [info] <0.42.0> Application ranch started on node nonode@nohost
2018-12-17 19:44:18.692 [info] <0.42.0> Application ranch_proxy_protocol started on node nonode@nohost
2018-12-17 19:44:18.692 [info] <0.42.0> Application recon started on node nonode@nohost
2018-12-17 19:44:18.692 [info] <0.42.0> Application rabbit_common started on node nonode@nohost
2018-12-17 19:44:18.698 [info] <0.42.0> Application amqp_client started on node nonode@nohost
2018-12-17 19:44:18.698 [info] <0.42.0> Application amqp started on node nonode@nohost
2018-12-17 19:44:18.859 [info] <0.42.0> Application logs started on node nonode@nohost
2018-12-17 19:44:58.558 [info] <0.42.0> Application lager started on node nonode@nohost
2018-12-17 19:44:58.562 [info] <0.42.0> Application xmerl started on node nonode@nohost
2018-12-17 19:44:58.563 [info] <0.42.0> Application jsx started on node nonode@nohost
2018-12-17 19:44:58.565 [info] <0.42.0> Application ranch started on node nonode@nohost
2018-12-17 19:44:58.566 [info] <0.42.0> Application ranch_proxy_protocol started on node nonode@nohost
2018-12-17 19:44:58.566 [info] <0.42.0> Application recon started on node nonode@nohost
2018-12-17 19:44:58.567 [info] <0.42.0> Application rabbit_common started on node nonode@nohost
2018-12-17 19:44:58.571 [info] <0.42.0> Application amqp_client started on node nonode@nohost
2018-12-17 19:44:58.571 [info] <0.42.0> Application amqp started on node nonode@nohost
2018-12-17 19:44:58.771 [info] <0.42.0> Application logs started on node nonode@nohost
2018-12-17 19:45:55.787 [info] <0.42.0> Application lager started on node nonode@nohost
2018-12-17 19:45:55.791 [info] <0.42.0> Application xmerl started on node nonode@nohost
2018-12-17 19:45:55.792 [info] <0.42.0> Application jsx started on node nonode@nohost
2018-12-17 19:45:55.797 [info] <0.42.0> Application ranch started on node nonode@nohost
2018-12-17 19:45:55.797 [info] <0.42.0> Application ranch_proxy_protocol started on node nonode@nohost
2018-12-17 19:45:55.798 [info] <0.42.0> Application recon started on node nonode@nohost
2018-12-17 19:45:55.798 [info] <0.42.0> Application rabbit_common started on node nonode@nohost
2018-12-17 19:45:55.804 [info] <0.42.0> Application amqp_client started on node nonode@nohost
2018-12-17 19:45:55.804 [info] <0.42.0> Application amqp started on node nonode@nohost
2018-12-17 19:45:55.950 [info] <0.42.0> Application logs started on node nonode@nohost
2018-12-17 19:46:11.375 [info] <0.42.0> Application lager started on node nonode@nohost
2018-12-17 19:46:11.378 [info] <0.42.0> Application xmerl started on node nonode@nohost
2018-12-17 19:46:11.379 [info] <0.42.0> Application jsx started on node nonode@nohost
2018-12-17 19:46:11.381 [info] <0.42.0> Application ranch started on node nonode@nohost
2018-12-17 19:46:11.382 [info] <0.42.0> Application ranch_proxy_protocol started on node nonode@nohost
2018-12-17 19:46:11.382 [info] <0.42.0> Application recon started on node nonode@nohost
2018-12-17 19:46:11.382 [info] <0.42.0> Application rabbit_common started on node nonode@nohost
2018-12-17 19:46:11.387 [info] <0.42.0> Application amqp_client started on node nonode@nohost
2018-12-17 19:46:11.387 [info] <0.42.0> Application amqp started on node nonode@nohost
2018-12-17 19:46:11.556 [info] <0.42.0> Application logs started on node nonode@nohost
2018-12-17 19:48:42.395 [info] <0.42.0> Application lager started on node nonode@nohost
2018-12-17 19:48:42.399 [info] <0.42.0> Application xmerl started on node nonode@nohost
2018-12-17 19:48:42.400 [info] <0.42.0> Application jsx started on node nonode@nohost
2018-12-17 19:48:42.404 [info] <0.42.0> Application ranch started on node nonode@nohost
2018-12-17 19:48:42.405 [info] <0.42.0> Application ranch_proxy_protocol started on node nonode@nohost
2018-12-17 19:48:42.406 [info] <0.42.0> Application recon started on node nonode@nohost
2018-12-17 19:48:42.406 [info] <0.42.0> Application rabbit_common started on node nonode@nohost
2018-12-17 19:48:42.412 [info] <0.42.0> Application amqp_client started on node nonode@nohost
2018-12-17 19:48:42.412 [info] <0.42.0> Application amqp started on node nonode@nohost
2018-12-17 19:48:42.670 [info] <0.42.0> Application logs started on node nonode@nohost
2018-12-17 19:49:02.684 [info] <0.42.0> Application lager started on node nonode@nohost
2018-12-17 19:49:02.687 [info] <0.42.0> Application xmerl started on node nonode@nohost
2018-12-17 19:49:02.688 [info] <0.42.0> Application jsx started on node nonode@nohost
2018-12-17 19:49:02.691 [info] <0.42.0> Application ranch started on node nonode@nohost
2018-12-17 19:49:02.692 [info] <0.42.0> Application ranch_proxy_protocol started on node nonode@nohost
2018-12-17 19:49:02.692 [info] <0.42.0> Application recon started on node nonode@nohost
2018-12-17 19:49:02.692 [info] <0.42.0> Application rabbit_common started on node nonode@nohost
2018-12-17 19:49:02.697 [info] <0.42.0> Application amqp_client started on node nonode@nohost
2018-12-17 19:49:02.697 [info] <0.42.0> Application amqp started on node nonode@nohost
2018-12-17 19:49:02.866 [info] <0.42.0> Application logs started on node nonode@nohost
2018-12-17 23:03:43.523 [info] <0.42.0> Application lager started on node nonode@nohost
2018-12-17 23:03:43.526 [info] <0.42.0> Application xmerl started on node nonode@nohost
2018-12-17 23:03:43.527 [info] <0.42.0> Application jsx started on node nonode@nohost
2018-12-17 23:03:43.530 [info] <0.42.0> Application ranch started on node nonode@nohost
2018-12-17 23:03:43.530 [info] <0.42.0> Application ranch_proxy_protocol started on node nonode@nohost
2018-12-17 23:03:43.531 [info] <0.42.0> Application recon started on node nonode@nohost
2018-12-17 23:03:43.531 [info] <0.42.0> Application rabbit_common started on node nonode@nohost
2018-12-17 23:03:43.535 [info] <0.42.0> Application amqp_client started on node nonode@nohost
2018-12-17 23:03:43.535 [info] <0.42.0> Application amqp started on node nonode@nohost
2018-12-17 23:03:43.620 [info] <0.42.0> Application logs started on node nonode@nohost
