2018-12-17 19:16:13 =SUPERVISOR REPORT====
     Supervisor: {local,'Elixir.Logs.Supervisor'}
     Context:    start_error
     Reason:     {{badkey,connection},[{'Elixir.Logs.Subscriber',init_connection,1,[{file,"lib/logs/subscriber.ex"},{line,27}]},{'Elixir.Logs.Subscriber',init,1,[{file,"lib/logs/subscriber.ex"},{line,14}]},{gen_server,init_it,2,[{file,"gen_server.erl"},{line,374}]},{gen_server,init_it,6,[{file,"gen_server.erl"},{line,342}]},{proc_lib,init_p_do_apply,3,[{file,"proc_lib.erl"},{line,249}]}]}
     Offender:   [{pid,undefined},{id,'Elixir.Logs.Subscriber'},{mfargs,{'Elixir.Logs.Subscriber',start_link,[[]]}},{restart_type,permanent},{shutdown,5000},{child_type,worker}]

2018-12-17 19:16:13 =CRASH REPORT====
  crasher:
    initial call: application_master:init/4
    pid: <0.224.0>
    registered_name: []
    exception exit: {{{shutdown,{failed_to_start_child,'Elixir.Logs.Subscriber',{{badkey,connection},[{'Elixir.Logs.Subscriber',init_connection,1,[{file,"lib/logs/subscriber.ex"},{line,27}]},{'Elixir.Logs.Subscriber',init,1,[{file,"lib/logs/subscriber.ex"},{line,14}]},{gen_server,init_it,2,[{file,"gen_server.erl"},{line,374}]},{gen_server,init_it,6,[{file,"gen_server.erl"},{line,342}]},{proc_lib,init_p_do_apply,3,[{file,"proc_lib.erl"},{line,249}]}]}}},{'Elixir.Logs.Application',start,[normal,[]]}},[{application_master,init,4,[{file,"application_master.erl"},{line,138}]},{proc_lib,init_p_do_apply,3,[{file,"proc_lib.erl"},{line,249}]}]}
    ancestors: [<0.223.0>]
    message_queue_len: 1
    messages: [{'EXIT',<0.225.0>,normal}]
    links: [<0.223.0>,<0.42.0>]
    dictionary: []
    trap_exit: true
    status: running
    heap_size: 987
    stack_size: 27
    reductions: 235
  neighbours:
2018-12-17 19:17:06 =SUPERVISOR REPORT====
     Supervisor: {local,'Elixir.Logs.Supervisor'}
     Context:    start_error
     Reason:     {{badkey,connection},[{'Elixir.Logs.Subscriber',init_connection,1,[{file,"lib/logs/subscriber.ex"},{line,27}]},{'Elixir.Logs.Subscriber',init,1,[{file,"lib/logs/subscriber.ex"},{line,14}]},{gen_server,init_it,2,[{file,"gen_server.erl"},{line,374}]},{gen_server,init_it,6,[{file,"gen_server.erl"},{line,342}]},{proc_lib,init_p_do_apply,3,[{file,"proc_lib.erl"},{line,249}]}]}
     Offender:   [{pid,undefined},{id,'Elixir.Logs.Subscriber'},{mfargs,{'Elixir.Logs.Subscriber',start_link,[[]]}},{restart_type,permanent},{shutdown,5000},{child_type,worker}]

2018-12-17 19:17:06 =CRASH REPORT====
  crasher:
    initial call: application_master:init/4
    pid: <0.224.0>
    registered_name: []
    exception exit: {{{shutdown,{failed_to_start_child,'Elixir.Logs.Subscriber',{{badkey,connection},[{'Elixir.Logs.Subscriber',init_connection,1,[{file,"lib/logs/subscriber.ex"},{line,27}]},{'Elixir.Logs.Subscriber',init,1,[{file,"lib/logs/subscriber.ex"},{line,14}]},{gen_server,init_it,2,[{file,"gen_server.erl"},{line,374}]},{gen_server,init_it,6,[{file,"gen_server.erl"},{line,342}]},{proc_lib,init_p_do_apply,3,[{file,"proc_lib.erl"},{line,249}]}]}}},{'Elixir.Logs.Application',start,[normal,[]]}},[{application_master,init,4,[{file,"application_master.erl"},{line,138}]},{proc_lib,init_p_do_apply,3,[{file,"proc_lib.erl"},{line,249}]}]}
    ancestors: [<0.223.0>]
    message_queue_len: 1
    messages: [{'EXIT',<0.225.0>,normal}]
    links: [<0.223.0>,<0.42.0>]
    dictionary: []
    trap_exit: true
    status: running
    heap_size: 987
    stack_size: 27
    reductions: 231
  neighbours:
2018-12-17 19:19:38 =CRASH REPORT====
  crasher:
    initial call: Elixir.Logs.Subscriber:init/1
    pid: <0.227.0>
    registered_name: []
    exception error: {{badkey,connection},[{'Elixir.Logs.Subscriber',init_connection,1,[{file,"lib/logs/subscriber.ex"},{line,27}]},{'Elixir.Logs.Subscriber',init,1,[{file,"lib/logs/subscriber.ex"},{line,14}]},{gen_server,init_it,2,[{file,"gen_server.erl"},{line,374}]},{gen_server,init_it,6,[{file,"gen_server.erl"},{line,342}]},{proc_lib,init_p_do_apply,3,[{file,"proc_lib.erl"},{line,249}]}]}
    ancestors: ['Elixir.Logs.Supervisor',<0.225.0>]
    message_queue_len: 0
    messages: []
    links: [<0.226.0>]
    dictionary: [{gen_server_call_timeout,60000}]
    trap_exit: false
    status: running
    heap_size: 610
    stack_size: 27
    reductions: 652
  neighbours:
2018-12-17 19:19:38 =SUPERVISOR REPORT====
     Supervisor: {local,'Elixir.Logs.Supervisor'}
     Context:    start_error
     Reason:     {{badkey,connection},[{'Elixir.Logs.Subscriber',init_connection,1,[{file,"lib/logs/subscriber.ex"},{line,27}]},{'Elixir.Logs.Subscriber',init,1,[{file,"lib/logs/subscriber.ex"},{line,14}]},{gen_server,init_it,2,[{file,"gen_server.erl"},{line,374}]},{gen_server,init_it,6,[{file,"gen_server.erl"},{line,342}]},{proc_lib,init_p_do_apply,3,[{file,"proc_lib.erl"},{line,249}]}]}
     Offender:   [{pid,undefined},{id,'Elixir.Logs.Subscriber'},{mfargs,{'Elixir.Logs.Subscriber',start_link,[[]]}},{restart_type,permanent},{shutdown,5000},{child_type,worker}]

2018-12-17 19:19:38 =CRASH REPORT====
  crasher:
    initial call: application_master:init/4
    pid: <0.224.0>
    registered_name: []
    exception exit: {{{shutdown,{failed_to_start_child,'Elixir.Logs.Subscriber',{{badkey,connection},[{'Elixir.Logs.Subscriber',init_connection,1,[{file,"lib/logs/subscriber.ex"},{line,27}]},{'Elixir.Logs.Subscriber',init,1,[{file,"lib/logs/subscriber.ex"},{line,14}]},{gen_server,init_it,2,[{file,"gen_server.erl"},{line,374}]},{gen_server,init_it,6,[{file,"gen_server.erl"},{line,342}]},{proc_lib,init_p_do_apply,3,[{file,"proc_lib.erl"},{line,249}]}]}}},{'Elixir.Logs.Application',start,[normal,[]]}},[{application_master,init,4,[{file,"application_master.erl"},{line,138}]},{proc_lib,init_p_do_apply,3,[{file,"proc_lib.erl"},{line,249}]}]}
    ancestors: [<0.223.0>]
    message_queue_len: 1
    messages: [{'EXIT',<0.225.0>,normal}]
    links: [<0.223.0>,<0.42.0>]
    dictionary: []
    trap_exit: true
    status: running
    heap_size: 987
    stack_size: 27
    reductions: 235
  neighbours:
2018-12-17 19:21:19 =CRASH REPORT====
  crasher:
    initial call: Elixir.Logs.Subscriber:init/1
    pid: <0.227.0>
    registered_name: []
    exception error: {function_clause,[{'Elixir.AMQP.Channel',open,[<<"connection">>],[{file,"lib/amqp/channel.ex"},{line,15}]},{'Elixir.Logs.Subscriber',init_channel,1,[{file,"lib/logs/subscriber.ex"},{line,31}]},{'Elixir.Logs.Subscriber',init,1,[{file,"lib/logs/subscriber.ex"},{line,15}]},{gen_server,init_it,2,[{file,"gen_server.erl"},{line,374}]},{gen_server,init_it,6,[{file,"gen_server.erl"},{line,342}]},{proc_lib,init_p_do_apply,3,[{file,"proc_lib.erl"},{line,249}]}]}
    ancestors: ['Elixir.Logs.Supervisor',<0.225.0>]
    message_queue_len: 0
    messages: []
    links: [<0.226.0>]
    dictionary: [{gen_server_call_timeout,60000}]
    trap_exit: false
    status: running
    heap_size: 987
    stack_size: 27
    reductions: 677
  neighbours:
2018-12-17 19:21:19 =SUPERVISOR REPORT====
     Supervisor: {local,'Elixir.Logs.Supervisor'}
     Context:    start_error
     Reason:     {function_clause,[{'Elixir.AMQP.Channel',open,[<<"connection">>],[{file,"lib/amqp/channel.ex"},{line,15}]},{'Elixir.Logs.Subscriber',init_channel,1,[{file,"lib/logs/subscriber.ex"},{line,31}]},{'Elixir.Logs.Subscriber',init,1,[{file,"lib/logs/subscriber.ex"},{line,15}]},{gen_server,init_it,2,[{file,"gen_server.erl"},{line,374}]},{gen_server,init_it,6,[{file,"gen_server.erl"},{line,342}]},{proc_lib,init_p_do_apply,3,[{file,"proc_lib.erl"},{line,249}]}]}
     Offender:   [{pid,undefined},{id,'Elixir.Logs.Subscriber'},{mfargs,{'Elixir.Logs.Subscriber',start_link,[[]]}},{restart_type,permanent},{shutdown,5000},{child_type,worker}]

2018-12-17 19:21:19 =CRASH REPORT====
  crasher:
    initial call: application_master:init/4
    pid: <0.224.0>
    registered_name: []
    exception exit: {{{shutdown,{failed_to_start_child,'Elixir.Logs.Subscriber',{function_clause,[{'Elixir.AMQP.Channel',open,[<<"connection">>],[{file,"lib/amqp/channel.ex"},{line,15}]},{'Elixir.Logs.Subscriber',init_channel,1,[{file,"lib/logs/subscriber.ex"},{line,31}]},{'Elixir.Logs.Subscriber',init,1,[{file,"lib/logs/subscriber.ex"},{line,15}]},{gen_server,init_it,2,[{file,"gen_server.erl"},{line,374}]},{gen_server,init_it,6,[{file,"gen_server.erl"},{line,342}]},{proc_lib,init_p_do_apply,3,[{file,"proc_lib.erl"},{line,249}]}]}}},{'Elixir.Logs.Application',start,[normal,[]]}},[{application_master,init,4,[{file,"application_master.erl"},{line,138}]},{proc_lib,init_p_do_apply,3,[{file,"proc_lib.erl"},{line,249}]}]}
    ancestors: [<0.223.0>]
    message_queue_len: 1
    messages: [{'EXIT',<0.225.0>,normal}]
    links: [<0.223.0>,<0.42.0>]
    dictionary: []
    trap_exit: true
    status: running
    heap_size: 987
    stack_size: 27
    reductions: 240
  neighbours:
2018-12-17 19:22:14 =SUPERVISOR REPORT====
     Supervisor: {local,'Elixir.Logs.Supervisor'}
     Context:    start_error
     Reason:     {{shutdown,{server_initiated_close,406,<<"PRECONDITION_FAILED - inequivalent arg 'durable' for exchange 'rabbits' in vhost '/': received 'false' but current is 'true'">>}},{gen_server,call,[<0.241.0>,{call,{'exchange.declare',0,<<"rabbits">>,<<"topic">>,false,false,false,false,false,[]},none,<0.227.0>},60000]}}
     Offender:   [{pid,undefined},{id,'Elixir.Logs.Subscriber'},{mfargs,{'Elixir.Logs.Subscriber',start_link,[[]]}},{restart_type,permanent},{shutdown,5000},{child_type,worker}]

2018-12-17 19:22:14 =CRASH REPORT====
  crasher:
    initial call: Elixir.Logs.Subscriber:init/1
    pid: <0.227.0>
    registered_name: []
    exception exit: {{{shutdown,{server_initiated_close,406,<<"PRECONDITION_FAILED - inequivalent arg 'durable' for exchange 'rabbits' in vhost '/': received 'false' but current is 'true'">>}},{gen_server,call,[<0.241.0>,{call,{'exchange.declare',0,<<"rabbits">>,<<"topic">>,false,false,false,false,false,[]},none,<0.227.0>},60000]}},[{gen_server,call,3,[{file,"gen_server.erl"},{line,223}]},{'Elixir.AMQP.Exchange',declare,4,[{file,"lib/amqp/exchange.ex"},{line,42}]},{'Elixir.Logs.Subscriber',init_exchange,1,[{file,"lib/logs/subscriber.ex"},{line,36}]},{'Elixir.Logs.Subscriber',init,1,[{file,"lib/logs/subscriber.ex"},{line,16}]},{gen_server,init_it,2,[{file,"gen_server.erl"},{line,374}]},{gen_server,init_it,6,[{file,"gen_server.erl"},{line,342}]},{proc_lib,init_p_do_apply,3,[{file,"proc_lib.erl"},{line,249}]}]}
    ancestors: ['Elixir.Logs.Supervisor',<0.225.0>]
    message_queue_len: 0
    messages: []
    links: [<0.226.0>]
    dictionary: [{gen_server_call_timeout,60000}]
    trap_exit: false
    status: running
    heap_size: 987
    stack_size: 27
    reductions: 780
  neighbours:
2018-12-17 19:23:40 =CRASH REPORT====
  crasher:
    initial call: Elixir.Logs.Subscriber:init/1
    pid: <0.218.0>
    registered_name: []
    exception exit: {{{shutdown,{server_initiated_close,406,<<"PRECONDITION_FAILED - inequivalent arg 'durable' for exchange 'rabbits' in vhost '/': received 'false' but current is 'true'">>}},{gen_server,call,[<0.232.0>,{call,{'exchange.declare',0,<<"rabbits">>,<<"topic">>,false,false,false,false,false,[]},none,<0.218.0>},60000]}},[{gen_server,call,3,[{file,"gen_server.erl"},{line,223}]},{'Elixir.AMQP.Exchange',declare,4,[{file,"lib/amqp/exchange.ex"},{line,42}]},{'Elixir.Logs.Subscriber',init_exchange,1,[{file,"lib/logs/subscriber.ex"},{line,36}]},{'Elixir.Logs.Subscriber',init,1,[{file,"lib/logs/subscriber.ex"},{line,16}]},{gen_server,init_it,2,[{file,"gen_server.erl"},{line,374}]},{gen_server,init_it,6,[{file,"gen_server.erl"},{line,342}]},{proc_lib,init_p_do_apply,3,[{file,"proc_lib.erl"},{line,249}]}]}
    ancestors: ['Elixir.Logs.Supervisor',<0.216.0>]
    message_queue_len: 0
    messages: []
    links: [<0.217.0>]
    dictionary: [{gen_server_call_timeout,60000}]
    trap_exit: false
    status: running
    heap_size: 987
    stack_size: 27
    reductions: 780
  neighbours:
2018-12-17 19:23:40 =SUPERVISOR REPORT====
     Supervisor: {local,'Elixir.Logs.Supervisor'}
     Context:    start_error
     Reason:     {{shutdown,{server_initiated_close,406,<<"PRECONDITION_FAILED - inequivalent arg 'durable' for exchange 'rabbits' in vhost '/': received 'false' but current is 'true'">>}},{gen_server,call,[<0.232.0>,{call,{'exchange.declare',0,<<"rabbits">>,<<"topic">>,false,false,false,false,false,[]},none,<0.218.0>},60000]}}
     Offender:   [{pid,undefined},{id,'Elixir.Logs.Subscriber'},{mfargs,{'Elixir.Logs.Subscriber',start_link,[[]]}},{restart_type,permanent},{shutdown,5000},{child_type,worker}]

2018-12-17 19:23:40 =CRASH REPORT====
  crasher:
    initial call: application_master:init/4
    pid: <0.215.0>
    registered_name: []
    exception exit: {{{shutdown,{failed_to_start_child,'Elixir.Logs.Subscriber',{{shutdown,{server_initiated_close,406,<<"PRECONDITION_FAILED - inequivalent arg 'durable' for exchange 'rabbits' in vhost '/': received 'false' but current is 'true'">>}},{gen_server,call,[<0.232.0>,{call,{'exchange.declare',0,<<"rabbits">>,<<"topic">>,false,false,false,false,false,[]},none,<0.218.0>},60000]}}}},{'Elixir.Logs.Application',start,[normal,[]]}},[{application_master,init,4,[{file,"application_master.erl"},{line,138}]},{proc_lib,init_p_do_apply,3,[{file,"proc_lib.erl"},{line,249}]}]}
    ancestors: [<0.214.0>]
    message_queue_len: 1
    messages: [{'EXIT',<0.216.0>,normal}]
    links: [<0.214.0>,<0.42.0>]
    dictionary: []
    trap_exit: true
    status: running
    heap_size: 610
    stack_size: 27
    reductions: 227
  neighbours:
2018-12-17 19:24:51 =CRASH REPORT====
  crasher:
    initial call: Elixir.Logs.Subscriber:init/1
    pid: <0.218.0>
    registered_name: []
    exception exit: {{{shutdown,{server_initiated_close,406,<<"PRECONDITION_FAILED - inequivalent arg 'durable' for exchange 'rabbits' in vhost '/': received 'false' but current is 'true'">>}},{gen_server,call,[<0.232.0>,{call,{'exchange.declare',0,<<"rabbits">>,<<"topic">>,false,false,false,false,false,[]},none,<0.218.0>},60000]}},[{gen_server,call,3,[{file,"gen_server.erl"},{line,223}]},{'Elixir.AMQP.Exchange',declare,4,[{file,"lib/amqp/exchange.ex"},{line,42}]},{'Elixir.Logs.Subscriber',init_exchange,1,[{file,"lib/logs/subscriber.ex"},{line,36}]},{'Elixir.Logs.Subscriber',init,1,[{file,"lib/logs/subscriber.ex"},{line,16}]},{gen_server,init_it,2,[{file,"gen_server.erl"},{line,374}]},{gen_server,init_it,6,[{file,"gen_server.erl"},{line,342}]},{proc_lib,init_p_do_apply,3,[{file,"proc_lib.erl"},{line,249}]}]}
    ancestors: ['Elixir.Logs.Supervisor',<0.216.0>]
    message_queue_len: 0
    messages: []
    links: [<0.217.0>]
    dictionary: [{gen_server_call_timeout,60000}]
    trap_exit: false
    status: running
    heap_size: 987
    stack_size: 27
    reductions: 781
  neighbours:
2018-12-17 19:24:51 =SUPERVISOR REPORT====
     Supervisor: {local,'Elixir.Logs.Supervisor'}
     Context:    start_error
     Reason:     {{shutdown,{server_initiated_close,406,<<"PRECONDITION_FAILED - inequivalent arg 'durable' for exchange 'rabbits' in vhost '/': received 'false' but current is 'true'">>}},{gen_server,call,[<0.232.0>,{call,{'exchange.declare',0,<<"rabbits">>,<<"topic">>,false,false,false,false,false,[]},none,<0.218.0>},60000]}}
     Offender:   [{pid,undefined},{id,'Elixir.Logs.Subscriber'},{mfargs,{'Elixir.Logs.Subscriber',start_link,[[]]}},{restart_type,permanent},{shutdown,5000},{child_type,worker}]

2018-12-17 19:24:51 =CRASH REPORT====
  crasher:
    initial call: application_master:init/4
    pid: <0.215.0>
    registered_name: []
    exception exit: {{{shutdown,{failed_to_start_child,'Elixir.Logs.Subscriber',{{shutdown,{server_initiated_close,406,<<"PRECONDITION_FAILED - inequivalent arg 'durable' for exchange 'rabbits' in vhost '/': received 'false' but current is 'true'">>}},{gen_server,call,[<0.232.0>,{call,{'exchange.declare',0,<<"rabbits">>,<<"topic">>,false,false,false,false,false,[]},none,<0.218.0>},60000]}}}},{'Elixir.Logs.Application',start,[normal,[]]}},[{application_master,init,4,[{file,"application_master.erl"},{line,138}]},{proc_lib,init_p_do_apply,3,[{file,"proc_lib.erl"},{line,249}]}]}
    ancestors: [<0.214.0>]
    message_queue_len: 0
    messages: []
    links: [<0.214.0>,<0.216.0>,<0.42.0>]
    dictionary: []
    trap_exit: true
    status: running
    heap_size: 610
    stack_size: 27
    reductions: 225
  neighbours:
2018-12-17 19:27:27 =ERROR REPORT====
'Elixir.Logs.Subscriber' 'Elixir.Logs.Subscriber' received unexpected message in handle_info/2: {basic_consume_ok,#{consumer_tag => <<"amq.ctag-zEQ5FVvYAk4ybgaxth2HpA">>}}
2018-12-17 19:29:54 =ERROR REPORT====
** Generic server 'Elixir.Logs.Subscriber' terminating 
** Last message in was {basic_deliver,<<"{\"id\":2,\"commodity\":\"Pen\",\"quantity\":\"10\",\"location\":\"Office\",\"delivery_id\":null,\"ack\":false,\"created_at\":\"2018-12-17T18:29:54.010Z\",\"updated_at\":\"2018-12-17T18:29:54.010Z\"}">>,#{app_id => undefined,cluster_id => undefined,consumer_tag => <<"amq.ctag-tfDEcZNMGn0tJ-p0E1mHqg">>,content_encoding => undefined,content_type => <<"application/octet-stream">>,correlation_id => undefined,delivery_tag => 1,exchange => <<"rabbits">>,expiration => undefined,headers => undefined,message_id => undefined,persistent => true,priority => 0,redelivered => false,reply_to => undefined,routing_key => <<"orders.created">>,timestamp => undefined,type => undefined,user_id => undefined}}
** When Server state == #{channel => #{'__struct__' => 'Elixir.AMQP.Channel',conn => #{'__struct__' => 'Elixir.AMQP.Connection',pid => <0.230.0>},pid => <0.241.0>},connection => #{'__struct__' => 'Elixir.AMQP.Connection',pid => <0.230.0>},queue => <<"amq.gen-Cq6GTuqenLaFB8BF10716Q">>}
** Reason for termination == 
** {function_clause,[{'Elixir.Logs.Subscriber',handle_info,[{basic_deliver,<<"{\"id\":2,\"commodity\":\"Pen\",\"quantity\":\"10\",\"location\":\"Office\",\"delivery_id\":null,\"ack\":false,\"created_at\":\"2018-12-17T18:29:54.010Z\",\"updated_at\":\"2018-12-17T18:29:54.010Z\"}">>,#{app_id => undefined,cluster_id => undefined,consumer_tag => <<"amq.ctag-tfDEcZNMGn0tJ-p0E1mHqg">>,content_encoding => undefined,content_type => <<"application/octet-stream">>,correlation_id => undefined,delivery_tag => 1,exchange => <<"rabbits">>,expiration => undefined,headers => undefined,message_id => undefined,persistent => true,priority => 0,redelivered => false,reply_to => undefined,routing_key => <<"orders.created">>,timestamp => undefined,type => undefined,user_id => undefined}},#{channel => #{'__struct__' => 'Elixir.AMQP.Channel',conn => #{'__struct__' => 'Elixir.AMQP.Connection',pid => <0.230.0>},pid => <0.241.0>},connection => #{'__struct__' => 'Elixir.AMQP.Connection',pid => <0.230.0>},queue => <<"amq.gen-Cq6GTuqenLaFB8BF10716Q">>}],[{file,"lib/logs/subscriber.ex"},{line,46}]},{gen_server,try_dispatch,4,[{file,"gen_server.erl"},{line,637}]},{gen_server,handle_msg,6,[{file,"gen_server.erl"},{line,711}]},{proc_lib,init_p_do_apply,3,[{file,"proc_lib.erl"},{line,249}]}]}
2018-12-17 19:29:54 =CRASH REPORT====
  crasher:
    initial call: Elixir.Logs.Subscriber:init/1
    pid: <0.227.0>
    registered_name: 'Elixir.Logs.Subscriber'
    exception error: {function_clause,[{'Elixir.Logs.Subscriber',handle_info,[{basic_deliver,<<"{\"id\":2,\"commodity\":\"Pen\",\"quantity\":\"10\",\"location\":\"Office\",\"delivery_id\":null,\"ack\":false,\"created_at\":\"2018-12-17T18:29:54.010Z\",\"updated_at\":\"2018-12-17T18:29:54.010Z\"}">>,#{app_id => undefined,cluster_id => undefined,consumer_tag => <<"amq.ctag-tfDEcZNMGn0tJ-p0E1mHqg">>,content_encoding => undefined,content_type => <<"application/octet-stream">>,correlation_id => undefined,delivery_tag => 1,exchange => <<"rabbits">>,expiration => undefined,headers => undefined,message_id => undefined,persistent => true,priority => 0,redelivered => false,reply_to => undefined,routing_key => <<"orders.created">>,timestamp => undefined,type => undefined,user_id => undefined}},#{channel => #{'__struct__' => 'Elixir.AMQP.Channel',conn => #{'__struct__' => 'Elixir.AMQP.Connection',pid => <0.230.0>},pid => <0.241.0>},connection => #{'__struct__' => 'Elixir.AMQP.Connection',pid => <0.230.0>},queue => <<"amq.gen-Cq6GTuqenLaFB8BF10716Q">>}],[{file,"lib/logs/subscriber.ex"},{line,46}]},{gen_server,try_dispatch,4,[{file,"gen_server.erl"},{line,637}]},{gen_server,handle_msg,6,[{file,"gen_server.erl"},{line,711}]},{proc_lib,init_p_do_apply,3,[{file,"proc_lib.erl"},{line,249}]}]}
    ancestors: ['Elixir.Logs.Supervisor',<0.225.0>]
    message_queue_len: 0
    messages: []
    links: [<0.226.0>]
    dictionary: [{gen_server_call_timeout,60000}]
    trap_exit: false
    status: running
    heap_size: 2586
    stack_size: 27
    reductions: 29717
  neighbours:
2018-12-17 19:29:54 =SUPERVISOR REPORT====
     Supervisor: {local,'Elixir.Logs.Supervisor'}
     Context:    child_terminated
     Reason:     {function_clause,[{'Elixir.Logs.Subscriber',handle_info,[{basic_deliver,<<"{\"id\":2,\"commodity\":\"Pen\",\"quantity\":\"10\",\"location\":\"Office\",\"delivery_id\":null,\"ack\":false,\"created_at\":\"2018-12-17T18:29:54.010Z\",\"updated_at\":\"2018-12-17T18:29:54.010Z\"}">>,#{app_id => undefined,cluster_id => undefined,consumer_tag => <<"amq.ctag-tfDEcZNMGn0tJ-p0E1mHqg">>,content_encoding => undefined,content_type => <<"application/octet-stream">>,correlation_id => undefined,delivery_tag => 1,exchange => <<"rabbits">>,expiration => undefined,headers => undefined,message_id => undefined,persistent => true,priority => 0,redelivered => false,reply_to => undefined,routing_key => <<"orders.created">>,timestamp => undefined,type => undefined,user_id => undefined}},#{channel => #{'__struct__' => 'Elixir.AMQP.Channel',conn => #{'__struct__' => 'Elixir.AMQP.Connection',pid => <0.230.0>},pid => <0.241.0>},connection => #{'__struct__' => 'Elixir.AMQP.Connection',pid => <0.230.0>},queue => <<"amq.gen-Cq6GTuqenLaFB8BF10716Q">>}],[{file,"lib/logs/subscriber.ex"},{line,46}]},{gen_server,try_dispatch,4,[{file,"gen_server.erl"},{line,637}]},{gen_server,handle_msg,6,[{file,"gen_server.erl"},{line,711}]},{proc_lib,init_p_do_apply,3,[{file,"proc_lib.erl"},{line,249}]}]}
     Offender:   [{pid,<0.227.0>},{id,'Elixir.Logs.Subscriber'},{mfargs,{'Elixir.Logs.Subscriber',start_link,[[]]}},{restart_type,permanent},{shutdown,5000},{child_type,worker}]

2018-12-17 19:29:59 =ERROR REPORT====
** Generic server 'Elixir.Logs.Subscriber' terminating 
** Last message in was {basic_deliver,<<"[2]">>,#{app_id => undefined,cluster_id => undefined,consumer_tag => <<"amq.ctag-k72O3tb7OKGVnxuTV2rlFA">>,content_encoding => undefined,content_type => undefined,correlation_id => undefined,delivery_tag => 1,exchange => <<"rabbits">>,expiration => undefined,headers => [],message_id => undefined,persistent => false,priority => undefined,redelivered => false,reply_to => undefined,routing_key => <<"batches.created">>,timestamp => undefined,type => undefined,user_id => undefined}}
** When Server state == #{channel => #{'__struct__' => 'Elixir.AMQP.Channel',conn => #{'__struct__' => 'Elixir.AMQP.Connection',pid => <0.247.0>},pid => <0.256.0>},connection => #{'__struct__' => 'Elixir.AMQP.Connection',pid => <0.247.0>},queue => <<"amq.gen-0V7LShSx4_WNHfi0NhKYSg">>}
** Reason for termination == 
** {function_clause,[{'Elixir.Logs.Subscriber',handle_info,[{basic_deliver,<<"[2]">>,#{app_id => undefined,cluster_id => undefined,consumer_tag => <<"amq.ctag-k72O3tb7OKGVnxuTV2rlFA">>,content_encoding => undefined,content_type => undefined,correlation_id => undefined,delivery_tag => 1,exchange => <<"rabbits">>,expiration => undefined,headers => [],message_id => undefined,persistent => false,priority => undefined,redelivered => false,reply_to => undefined,routing_key => <<"batches.created">>,timestamp => undefined,type => undefined,user_id => undefined}},#{channel => #{'__struct__' => 'Elixir.AMQP.Channel',conn => #{'__struct__' => 'Elixir.AMQP.Connection',pid => <0.247.0>},pid => <0.256.0>},connection => #{'__struct__' => 'Elixir.AMQP.Connection',pid => <0.247.0>},queue => <<"amq.gen-0V7LShSx4_WNHfi0NhKYSg">>}],[{file,"lib/logs/subscriber.ex"},{line,46}]},{gen_server,try_dispatch,4,[{file,"gen_server.erl"},{line,637}]},{gen_server,handle_msg,6,[{file,"gen_server.erl"},{line,711}]},{proc_lib,init_p_do_apply,3,[{file,"proc_lib.erl"},{line,249}]}]}
2018-12-17 19:29:59 =CRASH REPORT====
  crasher:
    initial call: Elixir.Logs.Subscriber:init/1
    pid: <0.244.0>
    registered_name: 'Elixir.Logs.Subscriber'
    exception error: {function_clause,[{'Elixir.Logs.Subscriber',handle_info,[{basic_deliver,<<"[2]">>,#{app_id => undefined,cluster_id => undefined,consumer_tag => <<"amq.ctag-k72O3tb7OKGVnxuTV2rlFA">>,content_encoding => undefined,content_type => undefined,correlation_id => undefined,delivery_tag => 1,exchange => <<"rabbits">>,expiration => undefined,headers => [],message_id => undefined,persistent => false,priority => undefined,redelivered => false,reply_to => undefined,routing_key => <<"batches.created">>,timestamp => undefined,type => undefined,user_id => undefined}},#{channel => #{'__struct__' => 'Elixir.AMQP.Channel',conn => #{'__struct__' => 'Elixir.AMQP.Connection',pid => <0.247.0>},pid => <0.256.0>},connection => #{'__struct__' => 'Elixir.AMQP.Connection',pid => <0.247.0>},queue => <<"amq.gen-0V7LShSx4_WNHfi0NhKYSg">>}],[{file,"lib/logs/subscriber.ex"},{line,46}]},{gen_server,try_dispatch,4,[{file,"gen_server.erl"},{line,637}]},{gen_server,handle_msg,6,[{file,"gen_server.erl"},{line,711}]},{proc_lib,init_p_do_apply,3,[{file,"proc_lib.erl"},{line,249}]}]}
    ancestors: ['Elixir.Logs.Supervisor',<0.225.0>]
    message_queue_len: 0
    messages: []
    links: [<0.226.0>]
    dictionary: [{gen_server_call_timeout,60000}]
    trap_exit: false
    status: running
    heap_size: 2586
    stack_size: 27
    reductions: 23907
  neighbours:
2018-12-17 19:29:59 =SUPERVISOR REPORT====
     Supervisor: {local,'Elixir.Logs.Supervisor'}
     Context:    child_terminated
     Reason:     {function_clause,[{'Elixir.Logs.Subscriber',handle_info,[{basic_deliver,<<"[2]">>,#{app_id => undefined,cluster_id => undefined,consumer_tag => <<"amq.ctag-k72O3tb7OKGVnxuTV2rlFA">>,content_encoding => undefined,content_type => undefined,correlation_id => undefined,delivery_tag => 1,exchange => <<"rabbits">>,expiration => undefined,headers => [],message_id => undefined,persistent => false,priority => undefined,redelivered => false,reply_to => undefined,routing_key => <<"batches.created">>,timestamp => undefined,type => undefined,user_id => undefined}},#{channel => #{'__struct__' => 'Elixir.AMQP.Channel',conn => #{'__struct__' => 'Elixir.AMQP.Connection',pid => <0.247.0>},pid => <0.256.0>},connection => #{'__struct__' => 'Elixir.AMQP.Connection',pid => <0.247.0>},queue => <<"amq.gen-0V7LShSx4_WNHfi0NhKYSg">>}],[{file,"lib/logs/subscriber.ex"},{line,46}]},{gen_server,try_dispatch,4,[{file,"gen_server.erl"},{line,637}]},{gen_server,handle_msg,6,[{file,"gen_server.erl"},{line,711}]},{proc_lib,init_p_do_apply,3,[{file,"proc_lib.erl"},{line,249}]}]}
     Offender:   [{pid,<0.244.0>},{id,'Elixir.Logs.Subscriber'},{mfargs,{'Elixir.Logs.Subscriber',start_link,[[]]}},{restart_type,permanent},{shutdown,5000},{child_type,worker}]

