2018-12-17 20:48:57.054 [info] <0.42.0> Application lager started on node nonode@nohost
2018-12-17 20:48:57.058 [info] <0.42.0> Application xmerl started on node nonode@nohost
2018-12-17 20:48:57.059 [info] <0.42.0> Application jsx started on node nonode@nohost
2018-12-17 20:48:57.063 [info] <0.42.0> Application ranch started on node nonode@nohost
2018-12-17 20:48:57.064 [info] <0.42.0> Application ranch_proxy_protocol started on node nonode@nohost
2018-12-17 20:48:57.064 [info] <0.42.0> Application recon started on node nonode@nohost
2018-12-17 20:48:57.065 [info] <0.42.0> Application rabbit_common started on node nonode@nohost
2018-12-17 20:48:57.070 [info] <0.42.0> Application amqp_client started on node nonode@nohost
2018-12-17 20:48:57.070 [info] <0.42.0> Application amqp started on node nonode@nohost
2018-12-17 20:48:57.072 [info] <0.42.0> Application cowlib started on node nonode@nohost
2018-12-17 20:48:57.075 [info] <0.42.0> Application cowboy started on node nonode@nohost
2018-12-17 20:48:57.075 [info] <0.42.0> Application plug_cowboy started on node nonode@nohost
2018-12-17 20:48:57.999 [warning] <0.1019.0> lager_error_logger_h dropped 90 messages in the last second that exceeded the limit of 50 messages/sec
2018-12-17 21:13:24.747 [info] <0.42.0> Application lager started on node nonode@nohost
2018-12-17 21:13:24.750 [info] <0.42.0> Application xmerl started on node nonode@nohost
2018-12-17 21:13:24.751 [info] <0.42.0> Application jsx started on node nonode@nohost
2018-12-17 21:13:24.755 [info] <0.42.0> Application ranch started on node nonode@nohost
2018-12-17 21:13:24.756 [info] <0.42.0> Application ranch_proxy_protocol started on node nonode@nohost
2018-12-17 21:13:24.757 [info] <0.42.0> Application recon started on node nonode@nohost
2018-12-17 21:13:24.757 [info] <0.42.0> Application rabbit_common started on node nonode@nohost
2018-12-17 21:13:24.762 [info] <0.42.0> Application amqp_client started on node nonode@nohost
2018-12-17 21:13:24.762 [info] <0.42.0> Application amqp started on node nonode@nohost
2018-12-17 21:13:24.765 [info] <0.42.0> Application cowlib started on node nonode@nohost
2018-12-17 21:13:24.768 [info] <0.42.0> Application cowboy started on node nonode@nohost
2018-12-17 21:13:24.769 [info] <0.42.0> Application plug_cowboy started on node nonode@nohost
2018-12-17 21:13:25.001 [warning] <0.252.0> lager_error_logger_h dropped 104 messages in the last second that exceeded the limit of 50 messages/sec
2018-12-17 21:55:49.302 [info] <0.42.0> Application lager started on node nonode@nohost
2018-12-17 21:55:49.306 [info] <0.42.0> Application xmerl started on node nonode@nohost
2018-12-17 21:55:49.307 [info] <0.42.0> Application jsx started on node nonode@nohost
2018-12-17 21:55:49.310 [info] <0.42.0> Application ranch started on node nonode@nohost
2018-12-17 21:55:49.311 [info] <0.42.0> Application ranch_proxy_protocol started on node nonode@nohost
2018-12-17 21:55:49.312 [info] <0.42.0> Application recon started on node nonode@nohost
2018-12-17 21:55:49.312 [info] <0.42.0> Application rabbit_common started on node nonode@nohost
2018-12-17 21:55:49.318 [info] <0.42.0> Application amqp_client started on node nonode@nohost
2018-12-17 21:55:49.318 [info] <0.42.0> Application amqp started on node nonode@nohost
2018-12-17 21:55:49.320 [info] <0.42.0> Application cowlib started on node nonode@nohost
2018-12-17 21:55:49.324 [info] <0.42.0> Application cowboy started on node nonode@nohost
2018-12-17 21:55:49.325 [info] <0.42.0> Application plug_cowboy started on node nonode@nohost
2018-12-17 21:55:50.000 [warning] <0.246.0> lager_error_logger_h dropped 104 messages in the last second that exceeded the limit of 50 messages/sec
2018-12-17 21:58:15.858 [info] <0.42.0> Application lager started on node nonode@nohost
2018-12-17 21:58:15.863 [info] <0.42.0> Application xmerl started on node nonode@nohost
2018-12-17 21:58:15.865 [info] <0.42.0> Application jsx started on node nonode@nohost
2018-12-17 21:58:15.869 [info] <0.42.0> Application ranch started on node nonode@nohost
2018-12-17 21:58:15.870 [info] <0.42.0> Application ranch_proxy_protocol started on node nonode@nohost
2018-12-17 21:58:15.871 [info] <0.42.0> Application recon started on node nonode@nohost
2018-12-17 21:58:15.871 [info] <0.42.0> Application rabbit_common started on node nonode@nohost
2018-12-17 21:58:15.878 [info] <0.42.0> Application amqp_client started on node nonode@nohost
2018-12-17 21:58:15.878 [info] <0.42.0> Application amqp started on node nonode@nohost
2018-12-17 21:58:15.880 [info] <0.42.0> Application cowlib started on node nonode@nohost
2018-12-17 21:58:15.883 [info] <0.42.0> Application cowboy started on node nonode@nohost
2018-12-17 21:58:15.884 [info] <0.42.0> Application plug_cowboy started on node nonode@nohost
2018-12-17 21:58:16.000 [warning] <0.252.0> lager_error_logger_h dropped 97 messages in the last second that exceeded the limit of 50 messages/sec
2018-12-17 21:58:16.026 [info] <0.42.0> Application pusher started on node nonode@nohost
2018-12-17 21:58:23.555 [error] <0.433.0>@Elixir.PusherWeb.DeliveryChannel:join:4 CRASH REPORT Process <0.433.0> with 0 neighbours crashed with reason: no function clause matching 'Elixir.PusherWeb.DeliveryChannel':join(<<"deliveries">>, #{<<"token">> => <<"nothing">>}, #{'__struct__' => 'Elixir.Phoenix.Socket',assigns => #{},channel => 'Elixir.PusherWeb.DeliveryChannel',...}) line 4
2018-12-17 21:58:25.529 [error] <0.434.0>@Elixir.PusherWeb.DeliveryChannel:join:4 CRASH REPORT Process <0.434.0> with 0 neighbours crashed with reason: no function clause matching 'Elixir.PusherWeb.DeliveryChannel':join(<<"deliveries">>, #{<<"token">> => <<"nothing">>}, #{'__struct__' => 'Elixir.Phoenix.Socket',assigns => #{},channel => 'Elixir.PusherWeb.DeliveryChannel',...}) line 4
2018-12-17 21:58:30.530 [error] <0.435.0>@Elixir.PusherWeb.DeliveryChannel:join:4 CRASH REPORT Process <0.435.0> with 0 neighbours crashed with reason: no function clause matching 'Elixir.PusherWeb.DeliveryChannel':join(<<"deliveries">>, #{<<"token">> => <<"nothing">>}, #{'__struct__' => 'Elixir.Phoenix.Socket',assigns => #{},channel => 'Elixir.PusherWeb.DeliveryChannel',...}) line 4
2018-12-17 21:59:40.006 [error] <0.412.0> gen_server 'Elixir.Pusher.Subscriber' terminated with reason: {badkey,id,#{<<"ack">> => false,<<"commodity">> => <<"Hat">>,<<"created_at">> => <<"2018-12-17T20:59:39.996Z">>,<<"delivery_id">> => nil,<<"id">> => 203,<<"location">> => <<"Storage">>,<<"quantity">> => <<"5">>,<<"updated_at">> => <<"2018-12-17T20:59:39.996Z">>}} in 'Elixir.Pusher.Subscriber':handle_info/2 line 56
2018-12-17 21:59:40.009 [error] <0.412.0> CRASH REPORT Process 'Elixir.Pusher.Subscriber' with 0 neighbours crashed with reason: {badkey,id,#{<<"ack">> => false,<<"commodity">> => <<"Hat">>,<<"created_at">> => <<"2018-12-17T20:59:39.996Z">>,<<"delivery_id">> => nil,<<"id">> => 203,<<"location">> => <<"Storage">>,<<"quantity">> => <<"5">>,<<"updated_at">> => <<"2018-12-17T20:59:39.996Z">>}} in 'Elixir.Pusher.Subscriber':handle_info/2 line 56
2018-12-17 21:59:40.009 [error] <0.289.0> Supervisor 'Elixir.Pusher.Supervisor' had child 'Elixir.Pusher.Subscriber' started with 'Elixir.Pusher.Subscriber':start_link([]) at <0.412.0> exit with reason {badkey,id,#{<<"ack">> => false,<<"commodity">> => <<"Hat">>,<<"created_at">> => <<"2018-12-17T20:59:39.996Z">>,<<"delivery_id">> => nil,<<"id">> => 203,<<"location">> => <<"Storage">>,<<"quantity">> => <<"5">>,<<"updated_at">> => <<"2018-12-17T20:59:39.996Z">>}} in 'Elixir.Pusher.Subscriber':handle_info/2 line 56 in context child_terminated
2018-12-17 21:59:41.251 [error] <0.462.0> gen_server 'Elixir.Pusher.Subscriber' terminated with reason: {badkey,id,#{<<"ack">> => false,<<"commodity">> => <<"Chair">>,<<"created_at">> => <<"2018-12-17T20:59:41.235Z">>,<<"delivery_id">> => nil,<<"id">> => 204,<<"location">> => <<"Office">>,<<"quantity">> => <<"2">>,<<"updated_at">> => <<"2018-12-17T20:59:41.235Z">>}} in 'Elixir.Pusher.Subscriber':handle_info/2 line 56
2018-12-17 21:59:41.253 [error] <0.462.0> CRASH REPORT Process 'Elixir.Pusher.Subscriber' with 0 neighbours crashed with reason: {badkey,id,#{<<"ack">> => false,<<"commodity">> => <<"Chair">>,<<"created_at">> => <<"2018-12-17T20:59:41.235Z">>,<<"delivery_id">> => nil,<<"id">> => 204,<<"location">> => <<"Office">>,<<"quantity">> => <<"2">>,<<"updated_at">> => <<"2018-12-17T20:59:41.235Z">>}} in 'Elixir.Pusher.Subscriber':handle_info/2 line 56
2018-12-17 21:59:41.253 [error] <0.289.0> Supervisor 'Elixir.Pusher.Supervisor' had child 'Elixir.Pusher.Subscriber' started with 'Elixir.Pusher.Subscriber':start_link([]) at <0.462.0> exit with reason {badkey,id,#{<<"ack">> => false,<<"commodity">> => <<"Chair">>,<<"created_at">> => <<"2018-12-17T20:59:41.235Z">>,<<"delivery_id">> => nil,<<"id">> => 204,<<"location">> => <<"Office">>,<<"quantity">> => <<"2">>,<<"updated_at">> => <<"2018-12-17T20:59:41.235Z">>}} in 'Elixir.Pusher.Subscriber':handle_info/2 line 56 in context child_terminated
2018-12-17 21:59:41.634 [error] <0.477.0> gen_server 'Elixir.Pusher.Subscriber' terminated with reason: {badkey,id,#{<<"ack">> => false,<<"commodity">> => <<"Pen">>,<<"created_at">> => <<"2018-12-17T20:59:41.619Z">>,<<"delivery_id">> => nil,<<"id">> => 205,<<"location">> => <<"Office">>,<<"quantity">> => <<"10">>,<<"updated_at">> => <<"2018-12-17T20:59:41.619Z">>}} in 'Elixir.Pusher.Subscriber':handle_info/2 line 56
2018-12-17 21:59:41.637 [error] <0.477.0> CRASH REPORT Process 'Elixir.Pusher.Subscriber' with 0 neighbours crashed with reason: {badkey,id,#{<<"ack">> => false,<<"commodity">> => <<"Pen">>,<<"created_at">> => <<"2018-12-17T20:59:41.619Z">>,<<"delivery_id">> => nil,<<"id">> => 205,<<"location">> => <<"Office">>,<<"quantity">> => <<"10">>,<<"updated_at">> => <<"2018-12-17T20:59:41.619Z">>}} in 'Elixir.Pusher.Subscriber':handle_info/2 line 56
2018-12-17 21:59:41.638 [error] <0.289.0> Supervisor 'Elixir.Pusher.Supervisor' had child 'Elixir.Pusher.Subscriber' started with 'Elixir.Pusher.Subscriber':start_link([]) at <0.477.0> exit with reason {badkey,id,#{<<"ack">> => false,<<"commodity">> => <<"Pen">>,<<"created_at">> => <<"2018-12-17T20:59:41.619Z">>,<<"delivery_id">> => nil,<<"id">> => 205,<<"location">> => <<"Office">>,<<"quantity">> => <<"10">>,<<"updated_at">> => <<"2018-12-17T20:59:41.619Z">>}} in 'Elixir.Pusher.Subscriber':handle_info/2 line 56 in context child_terminated
2018-12-17 21:59:42.002 [warning] <0.252.0> lager_error_logger_h dropped 6 messages in the last second that exceeded the limit of 50 messages/sec
2018-12-17 21:59:53.356 [error] <0.492.0> gen_server 'Elixir.Pusher.Subscriber' terminated with reason: {badkey,id,#{<<"ack">> => false,<<"commodity">> => <<"Pen">>,<<"created_at">> => <<"2018-12-17T20:59:53.340Z">>,<<"delivery_id">> => nil,<<"id">> => 206,<<"location">> => <<"Storage">>,<<"quantity">> => <<"8">>,<<"updated_at">> => <<"2018-12-17T20:59:53.340Z">>}} in 'Elixir.Pusher.Subscriber':handle_info/2 line 56
2018-12-17 21:59:53.359 [error] <0.492.0> CRASH REPORT Process 'Elixir.Pusher.Subscriber' with 0 neighbours crashed with reason: {badkey,id,#{<<"ack">> => false,<<"commodity">> => <<"Pen">>,<<"created_at">> => <<"2018-12-17T20:59:53.340Z">>,<<"delivery_id">> => nil,<<"id">> => 206,<<"location">> => <<"Storage">>,<<"quantity">> => <<"8">>,<<"updated_at">> => <<"2018-12-17T20:59:53.340Z">>}} in 'Elixir.Pusher.Subscriber':handle_info/2 line 56
2018-12-17 21:59:53.359 [error] <0.289.0> Supervisor 'Elixir.Pusher.Supervisor' had child 'Elixir.Pusher.Subscriber' started with 'Elixir.Pusher.Subscriber':start_link([]) at <0.492.0> exit with reason {badkey,id,#{<<"ack">> => false,<<"commodity">> => <<"Pen">>,<<"created_at">> => <<"2018-12-17T20:59:53.340Z">>,<<"delivery_id">> => nil,<<"id">> => 206,<<"location">> => <<"Storage">>,<<"quantity">> => <<"8">>,<<"updated_at">> => <<"2018-12-17T20:59:53.340Z">>}} in 'Elixir.Pusher.Subscriber':handle_info/2 line 56 in context child_terminated
2018-12-17 22:00:27.311 [info] <0.42.0> Application lager started on node nonode@nohost
2018-12-17 22:00:27.316 [info] <0.42.0> Application xmerl started on node nonode@nohost
2018-12-17 22:00:27.318 [info] <0.42.0> Application jsx started on node nonode@nohost
2018-12-17 22:00:27.322 [info] <0.42.0> Application ranch started on node nonode@nohost
2018-12-17 22:00:27.324 [info] <0.42.0> Application ranch_proxy_protocol started on node nonode@nohost
2018-12-17 22:00:27.325 [info] <0.42.0> Application recon started on node nonode@nohost
2018-12-17 22:00:27.325 [info] <0.42.0> Application rabbit_common started on node nonode@nohost
2018-12-17 22:00:27.332 [info] <0.42.0> Application amqp_client started on node nonode@nohost
2018-12-17 22:00:27.332 [info] <0.42.0> Application amqp started on node nonode@nohost
2018-12-17 22:00:27.334 [info] <0.42.0> Application cowlib started on node nonode@nohost
2018-12-17 22:00:27.337 [info] <0.42.0> Application cowboy started on node nonode@nohost
2018-12-17 22:00:27.338 [info] <0.42.0> Application plug_cowboy started on node nonode@nohost
2018-12-17 22:00:28.000 [warning] <0.246.0> lager_error_logger_h dropped 104 messages in the last second that exceeded the limit of 50 messages/sec
2018-12-17 22:00:43.651 [error] <0.406.0> gen_server 'Elixir.Pusher.Subscriber' terminated with reason: #{'__exception__' => true,'__struct__' => 'Elixir.Protocol.UndefinedError',description => <<>>,protocol => 'Elixir.String.Chars',value => #{<<"ack">> => false,<<"commodity">> => <<"Chair">>,<<"created_at">> => <<"2018-12-17T21:00:43.628Z">>,<<"delivery_id">> => nil,<<"id">> => 208,<<"location">> => <<"Office">>,<<"quantity">> => <<"2">>,<<"updated_at">> => <<"2018-12-17T21:00:43.628Z">>}} in 'Elixir.String.Chars':'impl_for!'/1 line 3
2018-12-17 22:00:43.660 [error] <0.406.0> CRASH REPORT Process 'Elixir.Pusher.Subscriber' with 0 neighbours crashed with reason: #{'__exception__' => true,'__struct__' => 'Elixir.Protocol.UndefinedError',description => <<>>,protocol => 'Elixir.String.Chars',value => #{<<"ack">> => false,<<"commodity">> => <<"Chair">>,<<"created_at">> => <<"2018-12-17T21:00:43.628Z">>,<<"delivery_id">> => nil,<<"id">> => 208,<<"location">> => <<"Office">>,<<"quantity">> => <<"2">>,<<"updated_at">> => <<"2018-12-17T21:00:43.628Z">>}} in 'Elixir.String.Chars':'impl_for!'/1 line 3
2018-12-17 22:00:43.661 [error] <0.283.0> Supervisor 'Elixir.Pusher.Supervisor' had child 'Elixir.Pusher.Subscriber' started with 'Elixir.Pusher.Subscriber':start_link([]) at <0.406.0> exit with reason #{'__exception__' => true,'__struct__' => 'Elixir.Protocol.UndefinedError',description => <<>>,protocol => 'Elixir.String.Chars',value => #{<<"ack">> => false,<<"commodity">> => <<"Chair">>,<<"created_at">> => <<"2018-12-17T21:00:43.628Z">>,<<"delivery_id">> => nil,<<"id">> => 208,<<"location">> => <<"Office">>,<<"quantity">> => <<"2">>,<<"updated_at">> => <<"2018-12-17T21:00:43.628Z">>}} in 'Elixir.String.Chars':'impl_for!'/1 line 3 in context child_terminated
2018-12-17 22:00:44.423 [error] <0.433.0> gen_server 'Elixir.Pusher.Subscriber' terminated with reason: #{'__exception__' => true,'__struct__' => 'Elixir.Protocol.UndefinedError',description => <<>>,protocol => 'Elixir.String.Chars',value => #{<<"ack">> => false,<<"commodity">> => <<"Hat">>,<<"created_at">> => <<"2018-12-17T21:00:44.407Z">>,<<"delivery_id">> => nil,<<"id">> => 209,<<"location">> => <<"Storage">>,<<"quantity">> => <<"5">>,<<"updated_at">> => <<"2018-12-17T21:00:44.407Z">>}} in 'Elixir.String.Chars':'impl_for!'/1 line 3
2018-12-17 22:00:44.427 [error] <0.433.0> CRASH REPORT Process 'Elixir.Pusher.Subscriber' with 0 neighbours crashed with reason: #{'__exception__' => true,'__struct__' => 'Elixir.Protocol.UndefinedError',description => <<>>,protocol => 'Elixir.String.Chars',value => #{<<"ack">> => false,<<"commodity">> => <<"Hat">>,<<"created_at">> => <<"2018-12-17T21:00:44.407Z">>,<<"delivery_id">> => nil,<<"id">> => 209,<<"location">> => <<"Storage">>,<<"quantity">> => <<"5">>,<<"updated_at">> => <<"2018-12-17T21:00:44.407Z">>}} in 'Elixir.String.Chars':'impl_for!'/1 line 3
2018-12-17 22:00:44.428 [error] <0.283.0> Supervisor 'Elixir.Pusher.Supervisor' had child 'Elixir.Pusher.Subscriber' started with 'Elixir.Pusher.Subscriber':start_link([]) at <0.433.0> exit with reason #{'__exception__' => true,'__struct__' => 'Elixir.Protocol.UndefinedError',description => <<>>,protocol => 'Elixir.String.Chars',value => #{<<"ack">> => false,<<"commodity">> => <<"Hat">>,<<"created_at">> => <<"2018-12-17T21:00:44.407Z">>,<<"delivery_id">> => nil,<<"id">> => 209,<<"location">> => <<"Storage">>,<<"quantity">> => <<"5">>,<<"updated_at">> => <<"2018-12-17T21:00:44.407Z">>}} in 'Elixir.String.Chars':'impl_for!'/1 line 3 in context child_terminated
2018-12-17 22:00:44.886 [error] <0.448.0> gen_server 'Elixir.Pusher.Subscriber' terminated with reason: #{'__exception__' => true,'__struct__' => 'Elixir.Protocol.UndefinedError',description => <<>>,protocol => 'Elixir.String.Chars',value => #{<<"ack">> => false,<<"commodity">> => <<"Pen">>,<<"created_at">> => <<"2018-12-17T21:00:44.867Z">>,<<"delivery_id">> => nil,<<"id">> => 210,<<"location">> => <<"Storage">>,<<"quantity">> => <<"8">>,<<"updated_at">> => <<"2018-12-17T21:00:44.867Z">>}} in 'Elixir.String.Chars':'impl_for!'/1 line 3
2018-12-17 22:00:44.888 [error] <0.448.0> CRASH REPORT Process 'Elixir.Pusher.Subscriber' with 0 neighbours crashed with reason: #{'__exception__' => true,'__struct__' => 'Elixir.Protocol.UndefinedError',description => <<>>,protocol => 'Elixir.String.Chars',value => #{<<"ack">> => false,<<"commodity">> => <<"Pen">>,<<"created_at">> => <<"2018-12-17T21:00:44.867Z">>,<<"delivery_id">> => nil,<<"id">> => 210,<<"location">> => <<"Storage">>,<<"quantity">> => <<"8">>,<<"updated_at">> => <<"2018-12-17T21:00:44.867Z">>}} in 'Elixir.String.Chars':'impl_for!'/1 line 3
2018-12-17 22:00:44.889 [error] <0.283.0> Supervisor 'Elixir.Pusher.Supervisor' had child 'Elixir.Pusher.Subscriber' started with 'Elixir.Pusher.Subscriber':start_link([]) at <0.448.0> exit with reason #{'__exception__' => true,'__struct__' => 'Elixir.Protocol.UndefinedError',description => <<>>,protocol => 'Elixir.String.Chars',value => #{<<"ack">> => false,<<"commodity">> => <<"Pen">>,<<"created_at">> => <<"2018-12-17T21:00:44.867Z">>,<<"delivery_id">> => nil,<<"id">> => 210,<<"location">> => <<"Storage">>,<<"quantity">> => <<"8">>,<<"updated_at">> => <<"2018-12-17T21:00:44.867Z">>}} in 'Elixir.String.Chars':'impl_for!'/1 line 3 in context child_terminated
2018-12-17 22:01:08.536 [info] <0.42.0> Application lager started on node nonode@nohost
2018-12-17 22:01:08.540 [info] <0.42.0> Application xmerl started on node nonode@nohost
2018-12-17 22:01:08.542 [info] <0.42.0> Application jsx started on node nonode@nohost
2018-12-17 22:01:08.545 [info] <0.42.0> Application ranch started on node nonode@nohost
2018-12-17 22:01:08.546 [info] <0.42.0> Application ranch_proxy_protocol started on node nonode@nohost
2018-12-17 22:01:08.547 [info] <0.42.0> Application recon started on node nonode@nohost
2018-12-17 22:01:08.547 [info] <0.42.0> Application rabbit_common started on node nonode@nohost
2018-12-17 22:01:08.553 [info] <0.42.0> Application amqp_client started on node nonode@nohost
2018-12-17 22:01:08.553 [info] <0.42.0> Application amqp started on node nonode@nohost
2018-12-17 22:01:08.555 [info] <0.42.0> Application cowlib started on node nonode@nohost
2018-12-17 22:01:08.557 [info] <0.42.0> Application cowboy started on node nonode@nohost
2018-12-17 22:01:08.558 [info] <0.42.0> Application plug_cowboy started on node nonode@nohost
2018-12-17 22:01:09.000 [warning] <0.237.0> lager_error_logger_h dropped 104 messages in the last second that exceeded the limit of 50 messages/sec
2018-12-17 22:01:14.506 [error] <0.397.0> gen_server 'Elixir.Pusher.Subscriber' terminated with reason: #{'__exception__' => true,'__struct__' => 'Elixir.Protocol.UndefinedError',description => <<>>,protocol => 'Elixir.String.Chars',value => #{<<"ack">> => false,<<"commodity">> => <<"Pen">>,<<"created_at">> => <<"2018-12-17T21:01:14.485Z">>,<<"delivery_id">> => nil,<<"id">> => 211,<<"location">> => <<"Storage">>,<<"quantity">> => <<"8">>,<<"updated_at">> => <<"2018-12-17T21:01:14.485Z">>}} in 'Elixir.String.Chars':'impl_for!'/1 line 3
2018-12-17 22:01:14.515 [error] <0.397.0> CRASH REPORT Process 'Elixir.Pusher.Subscriber' with 0 neighbours crashed with reason: #{'__exception__' => true,'__struct__' => 'Elixir.Protocol.UndefinedError',description => <<>>,protocol => 'Elixir.String.Chars',value => #{<<"ack">> => false,<<"commodity">> => <<"Pen">>,<<"created_at">> => <<"2018-12-17T21:01:14.485Z">>,<<"delivery_id">> => nil,<<"id">> => 211,<<"location">> => <<"Storage">>,<<"quantity">> => <<"8">>,<<"updated_at">> => <<"2018-12-17T21:01:14.485Z">>}} in 'Elixir.String.Chars':'impl_for!'/1 line 3
2018-12-17 22:01:14.515 [error] <0.274.0> Supervisor 'Elixir.Pusher.Supervisor' had child 'Elixir.Pusher.Subscriber' started with 'Elixir.Pusher.Subscriber':start_link([]) at <0.397.0> exit with reason #{'__exception__' => true,'__struct__' => 'Elixir.Protocol.UndefinedError',description => <<>>,protocol => 'Elixir.String.Chars',value => #{<<"ack">> => false,<<"commodity">> => <<"Pen">>,<<"created_at">> => <<"2018-12-17T21:01:14.485Z">>,<<"delivery_id">> => nil,<<"id">> => 211,<<"location">> => <<"Storage">>,<<"quantity">> => <<"8">>,<<"updated_at">> => <<"2018-12-17T21:01:14.485Z">>}} in 'Elixir.String.Chars':'impl_for!'/1 line 3 in context child_terminated
2018-12-17 22:01:33.932 [info] <0.42.0> Application lager started on node nonode@nohost
2018-12-17 22:01:33.935 [info] <0.42.0> Application xmerl started on node nonode@nohost
2018-12-17 22:01:33.937 [info] <0.42.0> Application jsx started on node nonode@nohost
2018-12-17 22:01:33.940 [info] <0.42.0> Application ranch started on node nonode@nohost
2018-12-17 22:01:33.941 [info] <0.42.0> Application ranch_proxy_protocol started on node nonode@nohost
2018-12-17 22:01:33.942 [info] <0.42.0> Application recon started on node nonode@nohost
2018-12-17 22:01:33.942 [info] <0.42.0> Application rabbit_common started on node nonode@nohost
2018-12-17 22:01:33.950 [info] <0.42.0> Application amqp_client started on node nonode@nohost
2018-12-17 22:01:33.950 [info] <0.42.0> Application amqp started on node nonode@nohost
2018-12-17 22:01:33.952 [info] <0.42.0> Application cowlib started on node nonode@nohost
2018-12-17 22:01:33.954 [info] <0.42.0> Application cowboy started on node nonode@nohost
2018-12-17 22:01:33.955 [info] <0.42.0> Application plug_cowboy started on node nonode@nohost
2018-12-17 22:01:34.000 [warning] <0.246.0> lager_error_logger_h dropped 87 messages in the last second that exceeded the limit of 50 messages/sec
2018-12-17 22:01:34.184 [info] <0.42.0> Application pusher started on node nonode@nohost
2018-12-17 22:07:05.762 [info] <0.42.0> Application lager started on node nonode@nohost
2018-12-17 22:07:05.765 [info] <0.42.0> Application xmerl started on node nonode@nohost
2018-12-17 22:07:05.767 [info] <0.42.0> Application jsx started on node nonode@nohost
2018-12-17 22:07:05.770 [info] <0.42.0> Application ranch started on node nonode@nohost
2018-12-17 22:07:05.771 [info] <0.42.0> Application ranch_proxy_protocol started on node nonode@nohost
2018-12-17 22:07:05.772 [info] <0.42.0> Application recon started on node nonode@nohost
2018-12-17 22:07:05.772 [info] <0.42.0> Application rabbit_common started on node nonode@nohost
2018-12-17 22:07:05.777 [info] <0.42.0> Application amqp_client started on node nonode@nohost
2018-12-17 22:07:05.777 [info] <0.42.0> Application amqp started on node nonode@nohost
2018-12-17 22:07:05.779 [info] <0.42.0> Application cowlib started on node nonode@nohost
2018-12-17 22:07:05.782 [info] <0.42.0> Application cowboy started on node nonode@nohost
2018-12-17 22:07:05.783 [info] <0.42.0> Application plug_cowboy started on node nonode@nohost
2018-12-17 22:07:06.000 [warning] <0.237.0> lager_error_logger_h dropped 104 messages in the last second that exceeded the limit of 50 messages/sec
2018-12-17 22:45:07.169 [info] <0.42.0> Application lager started on node nonode@nohost
2018-12-17 22:45:07.173 [info] <0.42.0> Application xmerl started on node nonode@nohost
2018-12-17 22:45:07.174 [info] <0.42.0> Application jsx started on node nonode@nohost
2018-12-17 22:45:07.179 [info] <0.42.0> Application ranch started on node nonode@nohost
2018-12-17 22:45:07.180 [info] <0.42.0> Application ranch_proxy_protocol started on node nonode@nohost
2018-12-17 22:45:07.181 [info] <0.42.0> Application recon started on node nonode@nohost
2018-12-17 22:45:07.181 [info] <0.42.0> Application rabbit_common started on node nonode@nohost
2018-12-17 22:45:07.187 [info] <0.42.0> Application amqp_client started on node nonode@nohost
2018-12-17 22:45:07.187 [info] <0.42.0> Application amqp started on node nonode@nohost
2018-12-17 22:45:07.189 [info] <0.42.0> Application cowlib started on node nonode@nohost
2018-12-17 22:45:07.192 [info] <0.42.0> Application cowboy started on node nonode@nohost
2018-12-17 22:45:07.193 [info] <0.42.0> Application plug_cowboy started on node nonode@nohost
2018-12-17 22:45:07.999 [warning] <0.238.0> lager_error_logger_h dropped 104 messages in the last second that exceeded the limit of 50 messages/sec
2018-12-17 22:53:41.933 [info] <0.42.0> Application lager started on node nonode@nohost
2018-12-17 22:53:41.937 [info] <0.42.0> Application xmerl started on node nonode@nohost
2018-12-17 22:53:41.939 [info] <0.42.0> Application jsx started on node nonode@nohost
2018-12-17 22:53:41.943 [info] <0.42.0> Application ranch started on node nonode@nohost
2018-12-17 22:53:41.944 [info] <0.42.0> Application ranch_proxy_protocol started on node nonode@nohost
2018-12-17 22:53:41.945 [info] <0.42.0> Application recon started on node nonode@nohost
2018-12-17 22:53:41.945 [info] <0.42.0> Application rabbit_common started on node nonode@nohost
2018-12-17 22:53:41.951 [info] <0.42.0> Application amqp_client started on node nonode@nohost
2018-12-17 22:53:41.952 [info] <0.42.0> Application amqp started on node nonode@nohost
2018-12-17 22:53:41.954 [info] <0.42.0> Application cowlib started on node nonode@nohost
2018-12-17 22:53:41.957 [info] <0.42.0> Application cowboy started on node nonode@nohost
2018-12-17 22:53:41.958 [info] <0.42.0> Application plug_cowboy started on node nonode@nohost
2018-12-17 22:53:42.000 [warning] <0.246.0> lager_error_logger_h dropped 87 messages in the last second that exceeded the limit of 50 messages/sec
2018-12-17 22:53:42.088 [info] <0.42.0> Application pusher started on node nonode@nohost
